\BOOKMARK [1][-]{section.1}{\376\377\176\352\213\272}{}% 1
\BOOKMARK [2][-]{subsection.1.1}{\376\377\215\205\130\360\154\342\143\245\217\321\117\040\141\037\126\150\170\024\172\166\200\314\146\157}{section.1}% 2
\BOOKMARK [3][-]{subsubsection.1.1.1}{\376\377\215\205\130\360\154\342\143\245\217\321\117\040\141\037\126\150\166\204\123\321\134\125}{subsection.1.1}% 3
\BOOKMARK [3][-]{subsubsection.1.1.2}{\376\377\215\205\130\360\154\342\143\245\217\321\117\040\141\037\126\150\166\204\123\237\164\006}{subsection.1.1}% 4
\BOOKMARK [3][-]{subsubsection.1.1.3}{\376\377\215\205\130\360\154\342\143\245\217\321\117\040\141\037\126\150\126\375\121\205\131\026\170\024\172\166\163\260\162\266}{subsection.1.1}% 5
\BOOKMARK [2][-]{subsection.1.2}{\376\377\215\205\130\360\154\342\143\245\217\321\117\040\141\037\126\150\170\024\172\166\166\356\166\204\116\016\141\017\116\111}{section.1}% 6
\BOOKMARK [2][-]{subsection.1.3}{\376\377\215\205\130\360\154\342\143\245\217\321\117\040\141\037\126\150\170\024\172\166\140\035\215\357\116\016\145\271\154\325}{section.1}% 7
\BOOKMARK [1][-]{section.2}{\376\377\215\205\130\360\154\342\143\245\217\321\117\040\141\037\126\150\140\073\117\123\213\276\213\241}{}% 8
\BOOKMARK [2][-]{subsection.2.1}{\376\377\215\205\130\360\154\342\143\245\217\321\117\040\141\037\126\150\170\154\116\366\213\276\213\241}{section.2}% 9
\BOOKMARK [2][-]{subsection.2.2}{\376\377\215\205\130\360\154\342\143\245\217\321\117\040\141\037\126\150\217\157\116\366\213\276\213\241}{section.2}% 10
\BOOKMARK [2][-]{subsection.2.3}{\376\377\215\205\130\360\154\342\143\245\217\321\117\040\141\037\126\150\133\236\232\214\213\276\213\241}{section.2}% 11
\BOOKMARK [1][-]{section.3}{\376\377\215\205\130\360\154\342\143\245\217\321\117\040\141\037\126\150\170\154\116\366\165\065\215\357\213\276\213\241}{}% 12
\BOOKMARK [2][-]{subsection.3.1}{\376\377\215\205\130\360\154\342\143\245\217\321\117\040\141\037\126\150\143\247\122\066\165\065\215\357}{section.3}% 13
\BOOKMARK [3][-]{subsubsection.3.1.1}{\376\377\165\065\156\220\152\041\127\127}{subsection.3.1}% 14
\BOOKMARK [3][-]{subsubsection.3.1.2}{\376\377\000J\000T\000A\000G\116\013\217\175\152\041\127\127}{subsection.3.1}% 15
\BOOKMARK [3][-]{subsubsection.3.1.3}{\376\377\150\300\155\113\213\241\145\160\152\041\127\127}{subsection.3.1}% 16
\BOOKMARK [3][-]{subsubsection.3.1.4}{\376\377\145\366\224\237\152\041\127\127}{subsection.3.1}% 17
\BOOKMARK [3][-]{subsubsection.3.1.5}{\376\377\131\015\117\115\152\041\127\127}{subsection.3.1}% 18
\BOOKMARK [2][-]{subsection.3.2}{\376\377\000T\000U\000S\000S\0004\0004\0007\0000\202\257\162\107\131\026\126\364\165\065\215\357}{section.3}% 19
\BOOKMARK [3][-]{subsubsection.3.2.1}{\376\377\000V\000O\000U\000T\131\026\143\245\155\113\213\325\160\271}{subsection.3.2}% 20
\BOOKMARK [3][-]{subsubsection.3.2.2}{\376\377\000V\000P\000W\000R\137\025\201\032\165\065\215\357}{subsection.3.2}% 21
\BOOKMARK [3][-]{subsubsection.3.2.3}{\376\377\000F\000L\000T\131\026\143\245\156\344\154\342\165\065\133\271}{subsection.3.2}% 22
\BOOKMARK [3][-]{subsubsection.3.2.4}{\376\377\000V\000D\000R\000V\137\025\201\032\165\065\215\357}{subsection.3.2}% 23
\BOOKMARK [3][-]{subsubsection.3.2.5}{\376\377\215\205\130\360\143\142\200\375\126\150\232\161\122\250\165\065\215\357}{subsection.3.2}% 24
\BOOKMARK [3][-]{subsubsection.3.2.6}{\376\377\126\336\154\342\150\300\155\113\165\065\215\357}{subsection.3.2}% 25
\BOOKMARK [3][-]{subsubsection.3.2.7}{\376\377\202\257\162\107\221\115\177\156\143\007\171\072\165\065\215\357}{subsection.3.2}% 26
\BOOKMARK [3][-]{subsubsection.3.2.8}{\376\377\122\006\171\273\143\245\127\060\165\065\215\357}{subsection.3.2}% 27
\BOOKMARK [2][-]{subsection.3.3}{\376\377\000P\000C\000B\213\276\213\241}{section.3}% 28
\BOOKMARK [3][-]{subsubsection.3.3.1}{\376\377\000C\000P\000L\000D\202\257\162\107\220\350\122\006}{subsection.3.3}% 29
\BOOKMARK [3][-]{subsubsection.3.3.2}{\376\377\000T\000U\000S\000S\0004\0004\0007\0000\232\161\122\250\202\257\162\107\220\350\122\006}{subsection.3.3}% 30
\BOOKMARK [2][-]{subsection.3.4}{\376\377\147\054\172\340\134\017\176\323}{section.3}% 31
\BOOKMARK [1][-]{section.4}{\376\377\215\205\130\360\154\342\143\245\217\321\117\040\141\037\126\150\217\157\116\366\213\276\213\241}{}% 32
\BOOKMARK [2][-]{subsection.4.1}{\376\377\150\300\155\113\123\237\164\006\116\016\150\300\155\113\173\126\165\145}{section.4}% 33
\BOOKMARK [3][-]{subsubsection.4.1.1}{\376\377\150\300\155\113\123\237\164\006}{subsection.4.1}% 34
\BOOKMARK [3][-]{subsubsection.4.1.2}{\376\377\150\300\155\113\173\126\165\145}{subsection.4.1}% 35
\BOOKMARK [2][-]{subsection.4.2}{\376\377\117\040\141\037\126\150\172\013\136\217\213\276\213\241}{section.4}% 36
\BOOKMARK [3][-]{subsubsection.4.2.1}{\376\377\172\013\136\217\140\073\117\123\213\276\213\241}{subsection.4.2}% 37
\BOOKMARK [3][-]{subsubsection.4.2.2}{\376\377\143\247\122\066\152\041\127\127}{subsection.4.2}% 38
\BOOKMARK [3][-]{subsubsection.4.2.3}{\376\377\000S\000P\000I\152\041\127\127}{subsection.4.2}% 39
\BOOKMARK [3][-]{subsubsection.4.2.4}{\376\377\201\011\121\262\123\321\165\037\152\041\127\127}{subsection.4.2}% 40
\BOOKMARK [3][-]{subsubsection.4.2.5}{\376\377\150\300\155\113\213\241\145\160\152\041\127\127}{subsection.4.2}% 41
\BOOKMARK [3][-]{subsubsection.4.2.6}{\376\377\116\377\167\037\152\041\142\337}{subsection.4.2}% 42
\BOOKMARK [2][-]{subsection.4.3}{\376\377\147\054\172\340\134\017\176\323}{section.4}% 43
\BOOKMARK [1][-]{section.5}{\376\377\215\205\130\360\154\342\143\245\217\321\117\040\141\037\126\150\133\236\162\151\122\066\117\134\116\016\150\300\155\113}{}% 44
\BOOKMARK [2][-]{subsection.5.1}{\376\377\215\205\130\360\154\342\143\245\217\321\117\040\141\037\126\150\133\236\162\151\122\066\117\134}{section.5}% 45
\BOOKMARK [3][-]{subsubsection.5.1.1}{\376\377\215\205\130\360\154\342\143\245\217\321\117\040\141\037\126\150\161\012\143\245}{subsection.5.1}% 46
\BOOKMARK [3][-]{subsubsection.5.1.2}{\376\377\215\205\130\360\154\342\143\245\217\321\117\040\141\037\126\150\214\003\213\325}{subsection.5.1}% 47
\BOOKMARK [2][-]{subsection.5.2}{\376\377\215\205\130\360\154\342\143\245\217\321\117\040\141\037\126\150\133\236\232\214}{section.5}% 48
\BOOKMARK [3][-]{subsubsection.5.2.1}{\376\377\133\236\232\214\126\150\147\120}{subsection.5.2}% 49
\BOOKMARK [3][-]{subsubsection.5.2.2}{\376\377\215\205\130\360\154\342\143\245\217\321\117\040\141\037\126\150\140\047\200\375\123\302\145\160\155\113\213\325}{subsection.5.2}% 50
\BOOKMARK [3][-]{subsubsection.5.2.3}{\376\377\215\205\130\360\154\342\143\245\217\321\117\040\141\037\126\150\172\063\133\232\140\047\155\113\213\325}{subsection.5.2}% 51
\BOOKMARK [3][-]{subsubsection.5.2.4}{\376\377\116\015\124\014\147\120\145\231\166\204\155\113\213\325}{subsection.5.2}% 52
\BOOKMARK [3][-]{subsubsection.5.2.5}{\376\377\116\015\124\014\201\011\121\262\145\160\166\204\155\113\213\325}{subsection.5.2}% 53
\BOOKMARK [3][-]{subsubsection.5.2.6}{\376\377\116\015\124\014\215\335\171\273\166\204\155\113\213\325}{subsection.5.2}% 54
\BOOKMARK [2][-]{subsection.5.3}{\376\377\147\054\172\340\134\017\176\323}{section.5}% 55
\BOOKMARK [1][-]{section.6}{\376\377\140\073\176\323\116\016\134\125\147\033}{}% 56
\BOOKMARK [1][-]{section*.42}{\376\377\176\323\213\272}{}% 57
\BOOKMARK [1][-]{section.7}{\376\377\041\140\176\247\123\366\000/\166\330\217\154\133\120\225\031\230\221\145\271\150\110\166\204\133\371\153\324\122\006\147\220}{}% 58
\BOOKMARK [2][-]{subsection.7.1}{\376\377\131\032\201\352\165\061\136\246\174\373\176\337\166\204\137\072\217\353\124\315\136\224\122\006\147\220}{section.7}% 59
\BOOKMARK [3][-]{subsubsection.7.1.1}{\376\377\122\250\140\001\124\315\136\224\166\204\213\241\173\227\145\271\154\325}{subsection.7.1}% 60
\BOOKMARK [3][-]{subsubsection.7.1.2}{\376\377\137\072\217\353\166\370\136\224\122\115\166\204\121\306\131\007\135\345\117\134}{subsection.7.1}% 61
\BOOKMARK [1][-]{section*.49}{\376\377\123\302\200\003\145\207\163\056}{}% 62
\BOOKMARK [1][-]{section*.50}{\376\377\201\364\214\042}{}% 63
