This is XeTeX, Version 3.141592653-2.6-0.999994 (MiKTeX 22.10) (preloaded format=xelatex 2023.4.17)  30 MAY 2023 11:35
entering extended mode
 restricted \write18 enabled.
 %&-line parsing enabled.
**./main.tex
(main.tex
LaTeX2e <2022-06-01> patch level 5
L3 programming layer <2022-09-28> (gdutarticle.cls
Document Class: gdutarticle 2022/04/26 v1.0,Template for GDUT,Author: Ljxtt, Gi
thub: https://github.com/Ljxtt/gdutarticle
(D:\Miktex\tex/latex/xkeyval\xkeyval.sty
Package: xkeyval 2022/06/16 v2.9 package option processing (HA)

(D:\Miktex\tex/generic/xkeyval\xkeyval.tex
(D:\Miktex\tex/generic/xkeyval\xkvutils.tex
\XKV@toks=\toks16
\XKV@tempa@toks=\toks17

(D:\Miktex\tex/generic/xkeyval\keyval.tex))
\XKV@depth=\count181
File: xkeyval.tex 2014/12/03 v2.7a key=value parser (HA)
))
(D:\Miktex\tex/latex/etoolbox\etoolbox.sty
Package: etoolbox 2020/10/05 v2.5k e-TeX tools for LaTeX (JAW)
\etb@tempcnta=\count182
)
(D:\Miktex\tex/latex/ctex\ctexart.cls
(D:\Miktex\tex/latex/ctex/config\ctexbackend.cfg
File: ctexbackend.cfg 2022/07/14 v2.5.10 Backend configuration file (CTEX)
)
(D:\Miktex\tex/latex/l3kernel\expl3.sty
Package: expl3 2022-09-28 L3 programming layer (loader) 

(D:\Miktex\tex/latex/l3backend\l3backend-xetex.def
File: l3backend-xetex.def 2022-09-28 L3 backend support: XeTeX
\g__graphics_track_int=\count183
\l__pdf_internal_box=\box51
\g__pdf_backend_object_int=\count184
\g__pdf_backend_annotation_int=\count185
\g__pdf_backend_link_int=\count186
))
Document Class: ctexart 2022/07/14 v2.5.10 Chinese adapter for class article (C
TEX)
(D:\Miktex\tex/latex/ctex\ctexhook.sty
Package: ctexhook 2022/07/14 v2.5.10 Document and package hooks (CTEX)
) (D:\Miktex\tex/latex/ctex\ctexpatch.sty
Package: ctexpatch 2022/07/14 v2.5.10 Patching commands (CTEX)
) (D:\Miktex\tex/latex/base\fix-cm.sty
Package: fix-cm 2020/11/24 v1.1t fixes to LaTeX
 (D:\Miktex\tex/latex/base\ts1enc.def
File: ts1enc.def 2001/06/05 v3.0e (jk/car/fm) Standard LaTeX file
LaTeX Font Info:    Redeclaring font encoding TS1 on input line 47.
))
\l__ctex_tmp_int=\count187
\l__ctex_tmp_box=\box52
\l__ctex_tmp_dim=\dimen138
\g__ctex_section_depth_int=\count188
\g__ctex_font_size_int=\count189

(D:\Miktex\tex/latex/ctex/config\ctexopts.cfg
File: ctexopts.cfg 2022/07/14 v2.5.10 Option configuration file (CTEX)
)
(D:\Miktex\tex/latex/base\article.cls
Document Class: article 2021/10/04 v1.4n Standard LaTeX document class
(D:\Miktex\tex/latex/base\size12.clo
File: size12.clo 2021/10/04 v1.4n Standard LaTeX file (size option)
)
\c@part=\count190
\c@section=\count191
\c@subsection=\count192
\c@subsubsection=\count193
\c@paragraph=\count194
\c@subparagraph=\count195
\c@figure=\count196
\c@table=\count197
\abovecaptionskip=\skip47
\belowcaptionskip=\skip48
\bibindent=\dimen139
)
(D:\Miktex\tex/latex/ctex/engine\ctex-engine-xetex.def
File: ctex-engine-xetex.def 2022/07/14 v2.5.10 XeLaTeX adapter (CTEX)

(D:\Miktex\tex/xelatex/xecjk\xeCJK.sty
Package: xeCJK 2022/08/05 v3.9.1 Typesetting CJK scripts with XeLaTeX

(D:\Miktex\tex/latex/l3packages/xtemplate\xtemplate.sty
Package: xtemplate 2022-06-22 L3 Experimental prototype document functions
\l__xtemplate_tmp_dim=\dimen140
\l__xtemplate_tmp_int=\count198
\l__xtemplate_tmp_muskip=\muskip16
\l__xtemplate_tmp_skip=\skip49
)
\l__xeCJK_tmp_int=\count199
\l__xeCJK_tmp_box=\box53
\l__xeCJK_tmp_dim=\dimen141
\l__xeCJK_tmp_skip=\skip50
\g__xeCJK_space_factor_int=\count266
\l__xeCJK_begin_int=\count267
\l__xeCJK_end_int=\count268
\c__xeCJK_CJK_class_int=\XeTeXcharclass1
\c__xeCJK_FullLeft_class_int=\XeTeXcharclass2
\c__xeCJK_FullRight_class_int=\XeTeXcharclass3
\c__xeCJK_HalfLeft_class_int=\XeTeXcharclass4
\c__xeCJK_HalfRight_class_int=\XeTeXcharclass5
\c__xeCJK_NormalSpace_class_int=\XeTeXcharclass6
\c__xeCJK_CM_class_int=\XeTeXcharclass7
\c__xeCJK_HangulJamo_class_int=\XeTeXcharclass8
\l__xeCJK_last_skip=\skip51
\c__xeCJK_none_node=\count269
\g__xeCJK_node_int=\count270
\c__xeCJK_CJK_node_dim=\dimen142
\c__xeCJK_CJK-space_node_dim=\dimen143
\c__xeCJK_default_node_dim=\dimen144
\c__xeCJK_CJK-widow_node_dim=\dimen145
\c__xeCJK_normalspace_node_dim=\dimen146
\c__xeCJK_default-space_node_skip=\skip52
\l__xeCJK_ccglue_skip=\skip53
\l__xeCJK_ecglue_skip=\skip54
\l__xeCJK_punct_kern_skip=\skip55
\l__xeCJK_indent_box=\box54
\l__xeCJK_last_penalty_int=\count271
\l__xeCJK_last_bound_dim=\dimen147
\l__xeCJK_last_kern_dim=\dimen148
\l__xeCJK_widow_penalty_int=\count272

Package xtemplate Info: Declaring object type 'xeCJK/punctuation' taking 0
(xtemplate)             argument(s) on line 2396.

\l__xeCJK_fixed_punct_width_dim=\dimen149
\l__xeCJK_mixed_punct_width_dim=\dimen150
\l__xeCJK_middle_punct_width_dim=\dimen151
\l__xeCJK_fixed_margin_width_dim=\dimen152
\l__xeCJK_mixed_margin_width_dim=\dimen153
\l__xeCJK_middle_margin_width_dim=\dimen154
\l__xeCJK_bound_punct_width_dim=\dimen155
\l__xeCJK_bound_margin_width_dim=\dimen156
\l__xeCJK_margin_minimum_dim=\dimen157
\l__xeCJK_kerning_total_width_dim=\dimen158
\l__xeCJK_same_align_margin_dim=\dimen159
\l__xeCJK_different_align_margin_dim=\dimen160
\l__xeCJK_kerning_margin_width_dim=\dimen161
\l__xeCJK_kerning_margin_minimum_dim=\dimen162
\l__xeCJK_bound_dim=\dimen163
\l__xeCJK_reverse_bound_dim=\dimen164
\l__xeCJK_margin_dim=\dimen165
\l__xeCJK_minimum_bound_dim=\dimen166
\l__xeCJK_kerning_margin_dim=\dimen167
\g__xeCJK_family_int=\count273
\l__xeCJK_fam_int=\count274
\g__xeCJK_fam_allocation_int=\count275
\l__xeCJK_verb_case_int=\count276
\l__xeCJK_verb_exspace_skip=\skip56

(D:\Miktex\tex/latex/fontspec\fontspec.sty
(D:\Miktex\tex/latex/l3packages/xparse\xparse.sty
Package: xparse 2022-06-22 L3 Experimental document command parser
)
Package: fontspec 2022/01/15 v2.8a Font selection for XeLaTeX and LuaLaTeX

(D:\Miktex\tex/latex/fontspec\fontspec-xetex.sty
Package: fontspec-xetex 2022/01/15 v2.8a Font selection for XeLaTeX and LuaLaTe
X
\l__fontspec_script_int=\count277
\l__fontspec_language_int=\count278
\l__fontspec_strnum_int=\count279
\l__fontspec_tmp_int=\count280
\l__fontspec_tmpa_int=\count281
\l__fontspec_tmpb_int=\count282
\l__fontspec_tmpc_int=\count283
\l__fontspec_em_int=\count284
\l__fontspec_emdef_int=\count285
\l__fontspec_strong_int=\count286
\l__fontspec_strongdef_int=\count287
\l__fontspec_tmpa_dim=\dimen168
\l__fontspec_tmpb_dim=\dimen169
\l__fontspec_tmpc_dim=\dimen170

(D:\Miktex\tex/latex/base\fontenc.sty
Package: fontenc 2021/04/29 v2.0v Standard LaTeX package
)
(D:\Miktex\tex/latex/fontspec\fontspec.cfg)))
(D:\Miktex\tex/xelatex/xecjk\xeCJK.cfg
File: xeCJK.cfg 2022/08/05 v3.9.1 Configuration file for xeCJK package
))
\ccwd=\dimen171
\l__ctex_ccglue_skip=\skip57
)
\l__ctex_ziju_dim=\dimen172

(D:\Miktex\tex/latex/zhnumber\zhnumber.sty
Package: zhnumber 2022/07/14 v3.0 Typesetting numbers with Chinese glyphs
\l__zhnum_scale_int=\count288
\l__zhnum_tmp_int=\count289

(D:\Miktex\tex/latex/zhnumber\zhnumber-utf8.cfg
File: zhnumber-utf8.cfg 2022/07/14 v3.0 Chinese numerals with UTF8 encoding
))
\l__ctex_heading_skip=\skip58

(D:\Miktex\tex/latex/ctex/scheme\ctex-scheme-chinese-article.def
File: ctex-scheme-chinese-article.def 2022/07/14 v2.5.10 Chinese scheme for art
icle (CTEX)

(D:\Miktex\tex/latex/ctex/config\ctex-name-utf8.cfg
File: ctex-name-utf8.cfg 2022/07/14 v2.5.10 Caption with encoding UTF-8 (CTEX)
))
(D:\Miktex\tex/latex/ctex\ctex-cs4size.clo
File: ctex-cs4size.clo 2022/07/14 v2.5.10 cs4size option (CTEX)
))
(D:\Miktex\tex/latex/ctex/config\ctex.cfg
File: ctex.cfg 2022/07/14 v2.5.10 Configuration file (CTEX)
)
(D:\Miktex\tex/latex/geometry\geometry.sty
Package: geometry 2020/01/02 v5.9 Page Geometry

(D:\Miktex\tex/generic/iftex\ifvtex.sty
Package: ifvtex 2019/10/25 v1.7 ifvtex legacy package. Use iftex instead.
 (D:\Miktex\tex/generic/iftex\iftex.sty
Package: iftex 2022/02/03 v1.0f TeX engine tests
))
\Gm@cnth=\count290
\Gm@cntv=\count291
\c@Gm@tempcnt=\count292
\Gm@bindingoffset=\dimen173
\Gm@wd@mp=\dimen174
\Gm@odd@mp=\dimen175
\Gm@even@mp=\dimen176
\Gm@layoutwidth=\dimen177
\Gm@layoutheight=\dimen178
\Gm@layouthoffset=\dimen179
\Gm@layoutvoffset=\dimen180
\Gm@dimlist=\toks18
 (D:\Miktex\tex/latex/geometry\geometry.cfg))
(D:\Miktex\tex/latex/fancyhdr\fancyhdr.sty
Package: fancyhdr 2022/11/09 v4.1 Extensive control of page headers and footers

\f@nch@headwidth=\skip59
\f@nch@O@elh=\skip60
\f@nch@O@erh=\skip61
\f@nch@O@olh=\skip62
\f@nch@O@orh=\skip63
\f@nch@O@elf=\skip64
\f@nch@O@erf=\skip65
\f@nch@O@olf=\skip66
\f@nch@O@orf=\skip67
)
(D:\Miktex\tex/latex/amscls\amsthm.sty
Package: amsthm 2020/05/29 v2.20.6
\thm@style=\toks19
\thm@bodyfont=\toks20
\thm@headfont=\toks21
\thm@notefont=\toks22
\thm@headpunct=\toks23
\thm@preskip=\skip68
\thm@postskip=\skip69
\thm@headsep=\skip70
\dth@everypar=\toks24
)
(D:\Miktex\tex/latex/amsfonts\amsfonts.sty
Package: amsfonts 2013/01/14 v3.01 Basic AMSFonts support
\@emptytoks=\toks25
\symAMSa=\mathgroup4
\symAMSb=\mathgroup5
LaTeX Font Info:    Redeclaring math symbol \hbar on input line 98.
LaTeX Font Info:    Overwriting math alphabet `\mathfrak' in version `bold'
(Font)                  U/euf/m/n --> U/euf/b/n on input line 106.
)
(D:\Miktex\tex/latex/amsmath\amsmath.sty
Package: amsmath 2022/04/08 v2.17n AMS math features
\@mathmargin=\skip71

For additional information on amsmath, use the `?' option.
(D:\Miktex\tex/latex/amsmath\amstext.sty
Package: amstext 2021/08/26 v2.01 AMS text

(D:\Miktex\tex/latex/amsmath\amsgen.sty
File: amsgen.sty 1999/11/30 v2.0 generic functions
\@emptytoks=\toks26
\ex@=\dimen181
))
(D:\Miktex\tex/latex/amsmath\amsbsy.sty
Package: amsbsy 1999/11/29 v1.2d Bold Symbols
\pmbraise@=\dimen182
)
(D:\Miktex\tex/latex/amsmath\amsopn.sty
Package: amsopn 2022/04/08 v2.04 operator names
)
\inf@bad=\count293
LaTeX Info: Redefining \frac on input line 234.
\uproot@=\count294
\leftroot@=\count295
LaTeX Info: Redefining \overline on input line 399.
LaTeX Info: Redefining \colon on input line 410.
\classnum@=\count296
\DOTSCASE@=\count297
LaTeX Info: Redefining \ldots on input line 496.
LaTeX Info: Redefining \dots on input line 499.
LaTeX Info: Redefining \cdots on input line 620.
\Mathstrutbox@=\box55
\strutbox@=\box56
LaTeX Info: Redefining \big on input line 722.
LaTeX Info: Redefining \Big on input line 723.
LaTeX Info: Redefining \bigg on input line 724.
LaTeX Info: Redefining \Bigg on input line 725.
\big@size=\dimen183
LaTeX Font Info:    Redeclaring font encoding OML on input line 743.
LaTeX Font Info:    Redeclaring font encoding OMS on input line 744.
\macc@depth=\count298
LaTeX Info: Redefining \bmod on input line 905.
LaTeX Info: Redefining \pmod on input line 910.
LaTeX Info: Redefining \smash on input line 940.
LaTeX Info: Redefining \relbar on input line 970.
LaTeX Info: Redefining \Relbar on input line 971.
\c@MaxMatrixCols=\count299
\dotsspace@=\muskip17
\c@parentequation=\count300
\dspbrk@lvl=\count301
\tag@help=\toks27
\row@=\count302
\column@=\count303
\maxfields@=\count304
\andhelp@=\toks28
\eqnshift@=\dimen184
\alignsep@=\dimen185
\tagshift@=\dimen186
\tagwidth@=\dimen187
\totwidth@=\dimen188
\lineht@=\dimen189
\@envbody=\toks29
\multlinegap=\skip72
\multlinetaggap=\skip73
\mathdisplay@stack=\toks30
LaTeX Info: Redefining \[ on input line 2953.
LaTeX Info: Redefining \] on input line 2954.
) (D:\Miktex\tex/latex/tools\bm.sty
Package: bm 2022/01/05 v1.2f Bold Symbol Support (DPC/FMi)
\symboldoperators=\mathgroup6
\symboldletters=\mathgroup7
\symboldsymbols=\mathgroup8
Package bm Info: No bold for \OMX/cmex/m/n, using \pmb.
Package bm Info: No bold for \U/msa/m/n, using \pmb.
Package bm Info: No bold for \U/msb/m/n, using \pmb.
LaTeX Font Info:    Redeclaring math alphabet \mathbf on input line 149.
)
(D:\Miktex\tex/latex/makecell\makecell.sty
Package: makecell 2009/08/03 V0.1e Managing of Tab Column Heads and Cells
 (D:\Miktex\tex/latex/tools\array.sty
Package: array 2022/03/10 v2.5f Tabular extension package (FMi)
\col@sep=\dimen190
\ar@mcellbox=\box57
\extrarowheight=\dimen191
\NC@list=\toks31
\extratabsurround=\skip74
\backup@length=\skip75
\ar@cellbox=\box58
)
\rotheadsize=\dimen192
\c@nlinenum=\count305
\TeXr@lab=\toks32
) (D:\Miktex\tex/latex/multirow\multirow.sty
Package: multirow 2021/03/15 v2.8 Span multiple rows of a table
\multirow@colwidth=\skip76
\multirow@cntb=\count306
\multirow@dima=\skip77
\bigstrutjot=\dimen193
)
(D:\Miktex\tex/latex/xltabular\xltabular.sty
Package: xltabular 2020/11/04 v0.2e `xltabular' package (hv,RN)

(D:\Miktex\tex/latex/tools\tabularx.sty
Package: tabularx 2020/01/15 v2.11c `tabularx' package (DPC)
\TX@col@width=\dimen194
\TX@old@table=\dimen195
\TX@old@col=\dimen196
\TX@target=\dimen197
\TX@delta=\dimen198
\TX@cols=\count307
\TX@ftn=\toks33
)
(D:\Miktex\tex/latex/ltablex\ltablex.sty
Package: ltablex 2014/08/13 v1.1 Modified tabularx

(D:\Miktex\tex/latex/tools\longtable.sty
Package: longtable 2021-09-01 v4.17 Multi-page Table package (DPC)
\LTleft=\skip78
\LTright=\skip79
\LTpre=\skip80
\LTpost=\skip81
\LTchunksize=\count308
\LTcapwidth=\dimen199
\LT@head=\box59
\LT@firsthead=\box60
\LT@foot=\box61
\LT@lastfoot=\box62
\LT@gbox=\box63
\LT@cols=\count309
\LT@rows=\count310
\c@LT@tables=\count311
\c@LT@chunks=\count312
\LT@p@ftn=\toks34
)))
(D:\Miktex\tex/latex/enumitem\enumitem.sty
Package: enumitem 2019/06/20 v3.9 Customized lists
\enitkv@toks@=\toks35
\labelindent=\skip82
\enit@outerparindent=\dimen256
\enit@toks=\toks36
\enit@inbox=\box64
\enit@count@id=\count313
\enitdp@description=\count314
)
(D:\Miktex\tex/latex/graphics\graphicx.sty
Package: graphicx 2021/09/16 v1.2d Enhanced LaTeX Graphics (DPC,SPQR)

(D:\Miktex\tex/latex/graphics\graphics.sty
Package: graphics 2022/03/10 v1.4e Standard LaTeX Graphics (DPC,SPQR)

(D:\Miktex\tex/latex/graphics\trig.sty
Package: trig 2021/08/11 v1.11 sin cos tan (DPC)
)
(D:\Miktex\tex/latex/graphics-cfg\graphics.cfg
File: graphics.cfg 2016/06/04 v1.11 sample graphics configuration
)
Package graphics Info: Driver file: xetex.def on input line 107.

(D:\Miktex\tex/latex/graphics-def\xetex.def
File: xetex.def 2022/09/22 v5.0n Graphics/color driver for xetex
\stockwidth=\dimen257
\stockheight=\dimen258
))
\Gin@req@height=\dimen259
\Gin@req@width=\dimen260
)
(D:\Miktex\tex/latex/titlesec\titlesec.sty
Package: titlesec 2021/07/05 v2.14 Sectioning titles
\ttl@box=\box65
\beforetitleunit=\skip83
\aftertitleunit=\skip84
\ttl@plus=\dimen261
\ttl@minus=\dimen262
\ttl@toksa=\toks37
\titlewidth=\dimen263
\titlewidthlast=\dimen264
\titlewidthfirst=\dimen265
)
(D:\Miktex\tex/latex/titlesec\titletoc.sty
Package: titletoc 2021/07/05 v2.14 TOC entries
\ttl@leftsep=\dimen266
)
(D:\Miktex\tex/latex/hyperref\hyperref.sty
Package: hyperref 2022-09-22 v7.00t Hypertext links for LaTeX

(D:\Miktex\tex/generic/ltxcmds\ltxcmds.sty
Package: ltxcmds 2020-05-10 v1.25 LaTeX kernel commands for general use (HO)
)
(D:\Miktex\tex/generic/pdftexcmds\pdftexcmds.sty
Package: pdftexcmds 2020-06-27 v0.33 Utility functions of pdfTeX for LuaTeX (HO
)

(D:\Miktex\tex/generic/infwarerr\infwarerr.sty
Package: infwarerr 2019/12/03 v1.5 Providing info/warning/error messages (HO)
)
Package pdftexcmds Info: \pdf@primitive is available.
Package pdftexcmds Info: \pdf@ifprimitive is available.
Package pdftexcmds Info: \pdfdraftmode not found.
)
(D:\Miktex\tex/latex/kvsetkeys\kvsetkeys.sty
Package: kvsetkeys 2022-10-05 v1.19 Key value parser (HO)
)
(D:\Miktex\tex/generic/kvdefinekeys\kvdefinekeys.sty
Package: kvdefinekeys 2019-12-19 v1.6 Define keys (HO)
)
(D:\Miktex\tex/generic/pdfescape\pdfescape.sty
Package: pdfescape 2019/12/09 v1.15 Implements pdfTeX's escape features (HO)
)
(D:\Miktex\tex/latex/hycolor\hycolor.sty
Package: hycolor 2020-01-27 v1.10 Color options for hyperref/bookmark (HO)
)
(D:\Miktex\tex/latex/letltxmacro\letltxmacro.sty
Package: letltxmacro 2019/12/03 v1.6 Let assignment for LaTeX macros (HO)
)
(D:\Miktex\tex/latex/auxhook\auxhook.sty
Package: auxhook 2019-12-17 v1.6 Hooks for auxiliary files (HO)
)
(D:\Miktex\tex/latex/hyperref\nameref.sty
Package: nameref 2022-05-17 v2.50 Cross-referencing by name of section

(D:\Miktex\tex/latex/refcount\refcount.sty
Package: refcount 2019/12/15 v3.6 Data extraction from label references (HO)
)
(D:\Miktex\tex/generic/gettitlestring\gettitlestring.sty
Package: gettitlestring 2019/12/15 v1.6 Cleanup title references (HO)

(D:\Miktex\tex/latex/kvoptions\kvoptions.sty
Package: kvoptions 2022-06-15 v3.15 Key value format for package options (HO)
))
\c@section@level=\count315
)
\@linkdim=\dimen267
\Hy@linkcounter=\count316
\Hy@pagecounter=\count317

(D:\Miktex\tex/latex/hyperref\pd1enc.def
File: pd1enc.def 2022-09-22 v7.00t Hyperref: PDFDocEncoding definition (HO)
)
(D:\Miktex\tex/generic/intcalc\intcalc.sty
Package: intcalc 2019/12/15 v1.3 Expandable calculations with integers (HO)
)
(D:\Miktex\tex/generic/etexcmds\etexcmds.sty
Package: etexcmds 2019/12/15 v1.7 Avoid name clashes with e-TeX commands (HO)
)
\Hy@SavedSpaceFactor=\count318

(D:\Miktex\tex/latex/hyperref\puenc.def
File: puenc.def 2022-09-22 v7.00t Hyperref: PDF Unicode definition (HO)
)
Package hyperref Info: Option `unicode' set `true' on input line 4045.
Package hyperref Info: Hyper figures OFF on input line 4162.
Package hyperref Info: Link nesting OFF on input line 4167.
Package hyperref Info: Hyper index ON on input line 4170.
Package hyperref Info: Plain pages OFF on input line 4177.
Package hyperref Info: Backreferencing OFF on input line 4182.
Package hyperref Info: Implicit mode ON; LaTeX internals redefined.
Package hyperref Info: Bookmarks ON on input line 4410.
\c@Hy@tempcnt=\count319
 (D:\Miktex\tex/latex/url\url.sty
\Urlmuskip=\muskip18
Package: url 2013/09/16  ver 3.4  Verb mode for urls, etc.
)
LaTeX Info: Redefining \url on input line 4748.
\XeTeXLinkMargin=\dimen268

(D:\Miktex\tex/generic/bitset\bitset.sty
Package: bitset 2019/12/09 v1.3 Handle bit-vector datatype (HO)

(D:\Miktex\tex/generic/bigintcalc\bigintcalc.sty
Package: bigintcalc 2019/12/15 v1.5 Expandable calculations on big integers (HO
)
))
\Fld@menulength=\count320
\Field@Width=\dimen269
\Fld@charsize=\dimen270
Package hyperref Info: Hyper figures OFF on input line 6027.
Package hyperref Info: Link nesting OFF on input line 6032.
Package hyperref Info: Hyper index ON on input line 6035.
Package hyperref Info: backreferencing OFF on input line 6042.
Package hyperref Info: Link coloring OFF on input line 6047.
Package hyperref Info: Link coloring with OCG OFF on input line 6052.
Package hyperref Info: PDF/A mode OFF on input line 6057.

(D:\Miktex\tex/latex/base\atbegshi-ltx.sty
Package: atbegshi-ltx 2021/01/10 v1.0c Emulation of the original atbegshi
package with kernel methods
)
\Hy@abspage=\count321
\c@Item=\count322
\c@Hfootnote=\count323
)
Package hyperref Info: Driver (autodetected): hxetex.

(D:\Miktex\tex/latex/hyperref\hxetex.def
File: hxetex.def 2022-09-22 v7.00t Hyperref driver for XeTeX

(D:\Miktex\tex/generic/stringenc\stringenc.sty
Package: stringenc 2019/11/29 v1.12 Convert strings between diff. encodings (HO
)
)
\pdfm@box=\box66
\c@Hy@AnnotLevel=\count324
\HyField@AnnotCount=\count325
\Fld@listcount=\count326
\c@bookmark@seq@number=\count327

(D:\Miktex\tex/latex/rerunfilecheck\rerunfilecheck.sty
Package: rerunfilecheck 2022-07-10 v1.10 Rerun checks for auxiliary files (HO)

(D:\Miktex\tex/latex/base\atveryend-ltx.sty
Package: atveryend-ltx 2020/08/19 v1.0a Emulation of the original atveryend pac
kage
with kernel methods
)
(D:\Miktex\tex/generic/uniquecounter\uniquecounter.sty
Package: uniquecounter 2019/12/15 v1.4 Provide unlimited unique counter (HO)
)
Package uniquecounter Info: New unique counter `rerunfilecheck' on input line 2
85.
)
\Hy@SectionHShift=\skip85
)
(D:\Miktex\tex/latex/gbt7714\gbt7714.sty
Package: gbt7714 2022/10/03 v2.1.5 GB/T 7714 BibTeX Style
 (D:\Miktex\tex/latex/natbib\natbib.sty
Package: natbib 2010/09/13 8.31b (PWD, AO)
\bibhang=\skip86
\bibsep=\skip87
LaTeX Info: Redefining \cite on input line 694.
\c@NAT@ctr=\count328
)) (D:\Miktex\tex/latex/caption\caption.sty
Package: caption 2023/03/12 v3.6j Customizing captions (AR)

(D:\Miktex\tex/latex/caption\caption3.sty
Package: caption3 2023/03/12 v2.4 caption3 kernel (AR)
\caption@tempdima=\dimen271
\captionmargin=\dimen272
\caption@leftmargin=\dimen273
\caption@rightmargin=\dimen274
\caption@width=\dimen275
\caption@indent=\dimen276
\caption@parindent=\dimen277
\caption@hangindent=\dimen278
Package caption Info: Standard document class detected.
)
\c@caption@flags=\count329
\c@continuedfloat=\count330
Package caption Info: hyperref package is loaded.
Package caption Info: longtable package is loaded.

(D:\Miktex\tex/latex/caption\ltcaption.sty
Package: ltcaption 2021/01/08 v1.4c longtable captions (AR)
))
(D:\Miktex\tex/latex/listings\listings.sty
\lst@mode=\count331
\lst@gtempboxa=\box67
\lst@token=\toks38
\lst@length=\count332
\lst@currlwidth=\dimen279
\lst@column=\count333
\lst@pos=\count334
\lst@lostspace=\dimen280
\lst@width=\dimen281
\lst@newlines=\count335
\lst@lineno=\count336
\lst@maxwidth=\dimen282

(D:\Miktex\tex/latex/listings\lstmisc.sty
File: lstmisc.sty 2020/03/24 1.8d (Carsten Heinz)
\c@lstnumber=\count337
\lst@skipnumbers=\count338
\lst@framebox=\box68
)
(D:\Miktex\tex/latex/listings\listings.cfg
File: listings.cfg 2020/03/24 1.8d listings configuration
))
Package: listings 2020/03/24 1.8d (Carsten Heinz)

(D:\Miktex\tex/xelatex/xecjk\xeCJK-listings.sty
Package: xeCJK-listings 2022/08/05 v3.9.1 xeCJK patch file for listings
\l__xeCJK_listings_max_char_int=\count339
\l__xeCJK_listings_flag_int=\count340
)
(D:\Miktex\tex/latex/graphics\color.sty
Package: color 2022/01/06 v1.3d Standard LaTeX Color (DPC)

(D:\Miktex\tex/latex/graphics-cfg\color.cfg
File: color.cfg 2016/01/02 v1.6 sample color configuration
)
Package color Info: Driver file: xetex.def on input line 149.

(D:\Miktex\tex/latex/graphics\mathcolor.ltx))
(D:\Miktex\tex/latex/pgf/frontendlayer\tikz.sty
(D:\Miktex\tex/latex/pgf/basiclayer\pgf.sty
(D:\Miktex\tex/latex/pgf/utilities\pgfrcs.sty
(D:\Miktex\tex/generic/pgf/utilities\pgfutil-common.tex
\pgfutil@everybye=\toks39
\pgfutil@tempdima=\dimen283
\pgfutil@tempdimb=\dimen284

(D:\Miktex\tex/generic/pgf/utilities\pgfutil-common-lists.tex))
(D:\Miktex\tex/generic/pgf/utilities\pgfutil-latex.def
\pgfutil@abb=\box69
)
(D:\Miktex\tex/generic/pgf/utilities\pgfrcs.code.tex
(D:\Miktex\tex/generic/pgf\pgf.revision.tex)
Package: pgfrcs 2021/05/15 v3.1.9a (3.1.9a)
))
Package: pgf 2021/05/15 v3.1.9a (3.1.9a)

(D:\Miktex\tex/latex/pgf/basiclayer\pgfcore.sty
(D:\Miktex\tex/latex/pgf/systemlayer\pgfsys.sty
(D:\Miktex\tex/generic/pgf/systemlayer\pgfsys.code.tex
Package: pgfsys 2021/05/15 v3.1.9a (3.1.9a)

(D:\Miktex\tex/generic/pgf/utilities\pgfkeys.code.tex
\pgfkeys@pathtoks=\toks40
\pgfkeys@temptoks=\toks41

(D:\Miktex\tex/generic/pgf/utilities\pgfkeysfiltered.code.tex
\pgfkeys@tmptoks=\toks42
))
\pgf@x=\dimen285
\pgf@y=\dimen286
\pgf@xa=\dimen287
\pgf@ya=\dimen288
\pgf@xb=\dimen289
\pgf@yb=\dimen290
\pgf@xc=\dimen291
\pgf@yc=\dimen292
\pgf@xd=\dimen293
\pgf@yd=\dimen294
\w@pgf@writea=\write3
\r@pgf@reada=\read2
\c@pgf@counta=\count341
\c@pgf@countb=\count342
\c@pgf@countc=\count343
\c@pgf@countd=\count344
\t@pgf@toka=\toks43
\t@pgf@tokb=\toks44
\t@pgf@tokc=\toks45
\pgf@sys@id@count=\count345

(D:\Miktex\tex/generic/pgf/systemlayer\pgf.cfg
File: pgf.cfg 2021/05/15 v3.1.9a (3.1.9a)
)
Driver file for pgf: pgfsys-xetex.def

(D:\Miktex\tex/generic/pgf/systemlayer\pgfsys-xetex.def
File: pgfsys-xetex.def 2021/05/15 v3.1.9a (3.1.9a)

(D:\Miktex\tex/generic/pgf/systemlayer\pgfsys-dvipdfmx.def
File: pgfsys-dvipdfmx.def 2021/05/15 v3.1.9a (3.1.9a)

(D:\Miktex\tex/generic/pgf/systemlayer\pgfsys-common-pdf.def
File: pgfsys-common-pdf.def 2021/05/15 v3.1.9a (3.1.9a)
)
\pgfsys@objnum=\count346
)))
(D:\Miktex\tex/generic/pgf/systemlayer\pgfsyssoftpath.code.tex
File: pgfsyssoftpath.code.tex 2021/05/15 v3.1.9a (3.1.9a)
\pgfsyssoftpath@smallbuffer@items=\count347
\pgfsyssoftpath@bigbuffer@items=\count348
)
(D:\Miktex\tex/generic/pgf/systemlayer\pgfsysprotocol.code.tex
File: pgfsysprotocol.code.tex 2021/05/15 v3.1.9a (3.1.9a)
))
(D:\Miktex\tex/latex/xcolor\xcolor.sty
Package: xcolor 2022/06/12 v2.14 LaTeX color extensions (UK)

(D:\Miktex\tex/latex/graphics-cfg\color.cfg
File: color.cfg 2016/01/02 v1.6 sample color configuration
)
Package xcolor Info: Driver file: xetex.def on input line 227.
LaTeX Info: Redefining \color on input line 711.

(D:\Miktex\tex/latex/graphics\mathcolor.ltx)
Package xcolor Info: Model `cmy' substituted by `cmy0' on input line 1353.
Package xcolor Info: Model `RGB' extended on input line 1369.
Package xcolor Info: Model `HTML' substituted by `rgb' on input line 1371.
Package xcolor Info: Model `Hsb' substituted by `hsb' on input line 1372.
Package xcolor Info: Model `tHsb' substituted by `hsb' on input line 1373.
Package xcolor Info: Model `HSB' substituted by `hsb' on input line 1374.
Package xcolor Info: Model `Gray' substituted by `gray' on input line 1375.
Package xcolor Info: Model `wave' substituted by `hsb' on input line 1376.
)
(D:\Miktex\tex/generic/pgf/basiclayer\pgfcore.code.tex
Package: pgfcore 2021/05/15 v3.1.9a (3.1.9a)

(D:\Miktex\tex/generic/pgf/math\pgfmath.code.tex
(D:\Miktex\tex/generic/pgf/math\pgfmathcalc.code.tex
(D:\Miktex\tex/generic/pgf/math\pgfmathutil.code.tex)
(D:\Miktex\tex/generic/pgf/math\pgfmathparser.code.tex
\pgfmath@dimen=\dimen295
\pgfmath@count=\count349
\pgfmath@box=\box70
\pgfmath@toks=\toks46
\pgfmath@stack@operand=\toks47
\pgfmath@stack@operation=\toks48
)
(D:\Miktex\tex/generic/pgf/math\pgfmathfunctions.code.tex
(D:\Miktex\tex/generic/pgf/math\pgfmathfunctions.basic.code.tex)
(D:\Miktex\tex/generic/pgf/math\pgfmathfunctions.trigonometric.code.tex)
(D:\Miktex\tex/generic/pgf/math\pgfmathfunctions.random.code.tex)
(D:\Miktex\tex/generic/pgf/math\pgfmathfunctions.comparison.code.tex)
(D:\Miktex\tex/generic/pgf/math\pgfmathfunctions.base.code.tex)
(D:\Miktex\tex/generic/pgf/math\pgfmathfunctions.round.code.tex)
(D:\Miktex\tex/generic/pgf/math\pgfmathfunctions.misc.code.tex)
(D:\Miktex\tex/generic/pgf/math\pgfmathfunctions.integerarithmetics.code.tex)))
(D:\Miktex\tex/generic/pgf/math\pgfmathfloat.code.tex
\c@pgfmathroundto@lastzeros=\count350
))
(D:\Miktex\tex/generic/pgf/math\pgfint.code.tex)
(D:\Miktex\tex/generic/pgf/basiclayer\pgfcorepoints.code.tex
File: pgfcorepoints.code.tex 2021/05/15 v3.1.9a (3.1.9a)
\pgf@picminx=\dimen296
\pgf@picmaxx=\dimen297
\pgf@picminy=\dimen298
\pgf@picmaxy=\dimen299
\pgf@pathminx=\dimen300
\pgf@pathmaxx=\dimen301
\pgf@pathminy=\dimen302
\pgf@pathmaxy=\dimen303
\pgf@xx=\dimen304
\pgf@xy=\dimen305
\pgf@yx=\dimen306
\pgf@yy=\dimen307
\pgf@zx=\dimen308
\pgf@zy=\dimen309
)
(D:\Miktex\tex/generic/pgf/basiclayer\pgfcorepathconstruct.code.tex
File: pgfcorepathconstruct.code.tex 2021/05/15 v3.1.9a (3.1.9a)
\pgf@path@lastx=\dimen310
\pgf@path@lasty=\dimen311
)
(D:\Miktex\tex/generic/pgf/basiclayer\pgfcorepathusage.code.tex
File: pgfcorepathusage.code.tex 2021/05/15 v3.1.9a (3.1.9a)
\pgf@shorten@end@additional=\dimen312
\pgf@shorten@start@additional=\dimen313
)
(D:\Miktex\tex/generic/pgf/basiclayer\pgfcorescopes.code.tex
File: pgfcorescopes.code.tex 2021/05/15 v3.1.9a (3.1.9a)
\pgfpic=\box71
\pgf@hbox=\box72
\pgf@layerbox@main=\box73
\pgf@picture@serial@count=\count351
)
(D:\Miktex\tex/generic/pgf/basiclayer\pgfcoregraphicstate.code.tex
File: pgfcoregraphicstate.code.tex 2021/05/15 v3.1.9a (3.1.9a)
\pgflinewidth=\dimen314
)
(D:\Miktex\tex/generic/pgf/basiclayer\pgfcoretransformations.code.tex
File: pgfcoretransformations.code.tex 2021/05/15 v3.1.9a (3.1.9a)
\pgf@pt@x=\dimen315
\pgf@pt@y=\dimen316
\pgf@pt@temp=\dimen317
)
(D:\Miktex\tex/generic/pgf/basiclayer\pgfcorequick.code.tex
File: pgfcorequick.code.tex 2021/05/15 v3.1.9a (3.1.9a)
)
(D:\Miktex\tex/generic/pgf/basiclayer\pgfcoreobjects.code.tex
File: pgfcoreobjects.code.tex 2021/05/15 v3.1.9a (3.1.9a)
)
(D:\Miktex\tex/generic/pgf/basiclayer\pgfcorepathprocessing.code.tex
File: pgfcorepathprocessing.code.tex 2021/05/15 v3.1.9a (3.1.9a)
)
(D:\Miktex\tex/generic/pgf/basiclayer\pgfcorearrows.code.tex
File: pgfcorearrows.code.tex 2021/05/15 v3.1.9a (3.1.9a)
\pgfarrowsep=\dimen318
)
(D:\Miktex\tex/generic/pgf/basiclayer\pgfcoreshade.code.tex
File: pgfcoreshade.code.tex 2021/05/15 v3.1.9a (3.1.9a)
\pgf@max=\dimen319
\pgf@sys@shading@range@num=\count352
\pgf@shadingcount=\count353
)
(D:\Miktex\tex/generic/pgf/basiclayer\pgfcoreimage.code.tex
File: pgfcoreimage.code.tex 2021/05/15 v3.1.9a (3.1.9a)

(D:\Miktex\tex/generic/pgf/basiclayer\pgfcoreexternal.code.tex
File: pgfcoreexternal.code.tex 2021/05/15 v3.1.9a (3.1.9a)
\pgfexternal@startupbox=\box74
))
(D:\Miktex\tex/generic/pgf/basiclayer\pgfcorelayers.code.tex
File: pgfcorelayers.code.tex 2021/05/15 v3.1.9a (3.1.9a)
)
(D:\Miktex\tex/generic/pgf/basiclayer\pgfcoretransparency.code.tex
File: pgfcoretransparency.code.tex 2021/05/15 v3.1.9a (3.1.9a)
)
(D:\Miktex\tex/generic/pgf/basiclayer\pgfcorepatterns.code.tex
File: pgfcorepatterns.code.tex 2021/05/15 v3.1.9a (3.1.9a)
)
(D:\Miktex\tex/generic/pgf/basiclayer\pgfcorerdf.code.tex
File: pgfcorerdf.code.tex 2021/05/15 v3.1.9a (3.1.9a)
)))
(D:\Miktex\tex/generic/pgf/modules\pgfmoduleshapes.code.tex
File: pgfmoduleshapes.code.tex 2021/05/15 v3.1.9a (3.1.9a)
\pgfnodeparttextbox=\box75
)
(D:\Miktex\tex/generic/pgf/modules\pgfmoduleplot.code.tex
File: pgfmoduleplot.code.tex 2021/05/15 v3.1.9a (3.1.9a)
)
(D:\Miktex\tex/latex/pgf/compatibility\pgfcomp-version-0-65.sty
Package: pgfcomp-version-0-65 2021/05/15 v3.1.9a (3.1.9a)
\pgf@nodesepstart=\dimen320
\pgf@nodesepend=\dimen321
)
(D:\Miktex\tex/latex/pgf/compatibility\pgfcomp-version-1-18.sty
Package: pgfcomp-version-1-18 2021/05/15 v3.1.9a (3.1.9a)
))
(D:\Miktex\tex/latex/pgf/utilities\pgffor.sty
(D:\Miktex\tex/latex/pgf/utilities\pgfkeys.sty
(D:\Miktex\tex/generic/pgf/utilities\pgfkeys.code.tex))
(D:\Miktex\tex/latex/pgf/math\pgfmath.sty
(D:\Miktex\tex/generic/pgf/math\pgfmath.code.tex))
(D:\Miktex\tex/generic/pgf/utilities\pgffor.code.tex
Package: pgffor 2021/05/15 v3.1.9a (3.1.9a)

(D:\Miktex\tex/generic/pgf/math\pgfmath.code.tex)
\pgffor@iter=\dimen322
\pgffor@skip=\dimen323
\pgffor@stack=\toks49
\pgffor@toks=\toks50
))
(D:\Miktex\tex/generic/pgf/frontendlayer/tikz\tikz.code.tex
Package: tikz 2021/05/15 v3.1.9a (3.1.9a)

(D:\Miktex\tex/generic/pgf/libraries\pgflibraryplothandlers.code.tex
File: pgflibraryplothandlers.code.tex 2021/05/15 v3.1.9a (3.1.9a)
\pgf@plot@mark@count=\count354
\pgfplotmarksize=\dimen324
)
\tikz@lastx=\dimen325
\tikz@lasty=\dimen326
\tikz@lastxsaved=\dimen327
\tikz@lastysaved=\dimen328
\tikz@lastmovetox=\dimen329
\tikz@lastmovetoy=\dimen330
\tikzleveldistance=\dimen331
\tikzsiblingdistance=\dimen332
\tikz@figbox=\box76
\tikz@figbox@bg=\box77
\tikz@tempbox=\box78
\tikz@tempbox@bg=\box79
\tikztreelevel=\count355
\tikznumberofchildren=\count356
\tikznumberofcurrentchild=\count357
\tikz@fig@count=\count358

(D:\Miktex\tex/generic/pgf/modules\pgfmodulematrix.code.tex
File: pgfmodulematrix.code.tex 2021/05/15 v3.1.9a (3.1.9a)
\pgfmatrixcurrentrow=\count359
\pgfmatrixcurrentcolumn=\count360
\pgf@matrix@numberofcolumns=\count361
)
\tikz@expandcount=\count362

(D:\Miktex\tex/generic/pgf/frontendlayer/tikz/libraries\tikzlibrarytopaths.code
.tex
File: tikzlibrarytopaths.code.tex 2021/05/15 v3.1.9a (3.1.9a)
))) (D:\Miktex\tex/latex/pgfplots\pgfplots.sty
(D:\Miktex\tex/generic/pgfplots\pgfplots.revision.tex)
Package: pgfplots 2021/05/15 v1.18.1 Data Visualization (1.18.1)

(D:\Miktex\tex/generic/pgfplots\pgfplots.code.tex
(D:\Miktex\tex/generic/pgfplots\pgfplotscore.code.tex
\t@pgfplots@toka=\toks51
\t@pgfplots@tokb=\toks52
\t@pgfplots@tokc=\toks53
\pgfplots@tmpa=\dimen333
\c@pgfplots@coordindex=\count363
\c@pgfplots@scanlineindex=\count364

(D:\Miktex\tex/generic/pgfplots/sys\pgfplotssysgeneric.code.tex))
(D:\Miktex\tex/generic/pgfplots/libs\pgfplotslibrary.code.tex)
(D:\Miktex\tex/generic/pgfplots/oldpgfcompatib\pgfplotsoldpgfsupp_loader.code.t
ex (D:\Miktex\tex/generic/pgf/libraries\pgflibraryfpu.code.tex))
(D:\Miktex\tex/generic/pgfplots/util\pgfplotsutil.code.tex
(D:\Miktex\tex/generic/pgfplots/liststructure\pgfplotsliststructure.code.tex)
(D:\Miktex\tex/generic/pgfplots/liststructure\pgfplotsliststructureext.code.tex
) (D:\Miktex\tex/generic/pgfplots/liststructure\pgfplotsarray.code.tex
\c@pgfplotsarray@tmp=\count365
)
(D:\Miktex\tex/generic/pgfplots/liststructure\pgfplotsmatrix.code.tex)
(D:\Miktex\tex/generic/pgfplots/numtable\pgfplotstableshared.code.tex
\c@pgfplotstable@counta=\count366
\t@pgfplotstable@a=\toks54
)
(D:\Miktex\tex/generic/pgfplots/liststructure\pgfplotsdeque.code.tex)
(D:\Miktex\tex/generic/pgfplots/util\pgfplotsbinary.code.tex
(D:\Miktex\tex/generic/pgfplots/util\pgfplotsbinary.data.code.tex))
(D:\Miktex\tex/generic/pgfplots/util\pgfplotsutil.verb.code.tex)
(D:\Miktex\tex/generic/pgfplots/libs\pgflibrarypgfplots.surfshading.code.tex
\c@pgfplotslibrarysurf@no=\count367

(D:\Miktex\tex/generic/pgfplots/sys\pgflibrarypgfplots.surfshading.pgfsys-xetex
.def
(D:\Miktex\tex/generic/pgfplots/sys\pgflibrarypgfplots.surfshading.pgfsys-dvipd
fmx.def
\c@pgfplotslibrarysurf@streamlen=\count368
)))) (D:\Miktex\tex/generic/pgfplots/util\pgfplotscolormap.code.tex
(D:\Miktex\tex/generic/pgfplots/util\pgfplotscolor.code.tex))
(D:\Miktex\tex/generic/pgfplots\pgfplotsstackedplots.code.tex)
(D:\Miktex\tex/generic/pgfplots\pgfplotsplothandlers.code.tex
(D:\Miktex\tex/generic/pgfplots\pgfplotsmeshplothandler.code.tex
(D:\Miktex\tex/generic/pgfplots\pgfplotsmeshplotimage.code.tex)))
(D:\Miktex\tex/generic/pgfplots\pgfplots.scaling.code.tex)
(D:\Miktex\tex/generic/pgfplots\pgfplotscoordprocessing.code.tex)
(D:\Miktex\tex/generic/pgfplots\pgfplots.errorbars.code.tex)
(D:\Miktex\tex/generic/pgfplots\pgfplots.markers.code.tex)
(D:\Miktex\tex/generic/pgfplots\pgfplotsticks.code.tex)
(D:\Miktex\tex/generic/pgfplots\pgfplots.paths.code.tex)
(D:\Miktex\tex/generic/pgf/frontendlayer/tikz/libraries\tikzlibrarydecorations.
code.tex (D:\Miktex\tex/generic/pgf/modules\pgfmoduledecorations.code.tex
\pgfdecoratedcompleteddistance=\dimen334
\pgfdecoratedremainingdistance=\dimen335
\pgfdecoratedinputsegmentcompleteddistance=\dimen336
\pgfdecoratedinputsegmentremainingdistance=\dimen337
\pgf@decorate@distancetomove=\dimen338
\pgf@decorate@repeatstate=\count369
\pgfdecorationsegmentamplitude=\dimen339
\pgfdecorationsegmentlength=\dimen340
)
\tikz@lib@dec@box=\box80
)
(D:\Miktex\tex/generic/pgf/frontendlayer/tikz/libraries\tikzlibrarydecorations.
pathmorphing.code.tex
(D:\Miktex\tex/generic/pgf/libraries/decorations\pgflibrarydecorations.pathmorp
hing.code.tex))
(D:\Miktex\tex/generic/pgf/frontendlayer/tikz/libraries\tikzlibrarydecorations.
pathreplacing.code.tex
(D:\Miktex\tex/generic/pgf/libraries/decorations\pgflibrarydecorations.pathrepl
acing.code.tex))
(D:\Miktex\tex/generic/pgfplots/libs\tikzlibrarypgfplots.contourlua.code.tex)
\pgfplots@numplots=\count370
\pgfplots@xmin@reg=\dimen341
\pgfplots@xmax@reg=\dimen342
\pgfplots@ymin@reg=\dimen343
\pgfplots@ymax@reg=\dimen344
\pgfplots@zmin@reg=\dimen345
\pgfplots@zmax@reg=\dimen346
)
(D:\Miktex\tex/generic/pgf/frontendlayer/tikz/libraries\tikzlibraryplotmarks.co
de.tex
File: tikzlibraryplotmarks.code.tex 2021/05/15 v3.1.9a (3.1.9a)
 (D:\Miktex\tex/generic/pgf/libraries\pgflibraryplotmarks.code.tex
File: pgflibraryplotmarks.code.tex 2021/05/15 v3.1.9a (3.1.9a)
)))
(D:\Miktex\tex/latex/tcolorbox\tcolorbox.sty
Package: tcolorbox 2022/06/24 version 5.1.1 text color boxes

(D:\Miktex\tex/latex/tools\verbatim.sty
Package: verbatim 2020-07-07 v1.5u LaTeX2e package for verbatim enhancements
\every@verbatim=\toks55
\verbatim@line=\toks56
\verbatim@in@stream=\read3
)
(D:\Miktex\tex/latex/environ\environ.sty
Package: environ 2014/05/04 v0.3 A new way to define environments

(D:\Miktex\tex/latex/trimspaces\trimspaces.sty
Package: trimspaces 2009/09/17 v1.1 Trim spaces around a token list
))
\tcb@titlebox=\box81
\tcb@upperbox=\box82
\tcb@lowerbox=\box83
\tcb@phantombox=\box84
\c@tcbbreakpart=\count371
\c@tcblayer=\count372
\c@tcolorbox@number=\count373
\tcb@temp=\box85
\tcb@temp=\box86
\tcb@temp=\box87
\tcb@temp=\box88
)
(D:\Miktex\tex/latex/graphics\rotating.sty
Package: rotating 2016/08/11 v2.16d rotated objects in LaTeX
 (D:\Miktex\tex/latex/base\ifthen.sty
Package: ifthen 2022/04/13 v1.1d Standard LaTeX ifthen package (DPC)
)
\c@r@tfl@t=\count374
\rotFPtop=\skip88
\rotFPbot=\skip89
\rot@float@box=\box89
\rot@mess@toks=\toks57
) (D:\Miktex\tex/latex/subfig\subfig.sty
Package: subfig 2005/06/28 ver: 1.3 subfig package
\c@KVtest=\count375
\sf@farskip=\skip90
\sf@captopadj=\dimen347
\sf@capskip=\skip91
\sf@nearskip=\skip92
\c@subfigure=\count376
\c@subfigure@save=\count377
\c@lofdepth=\count378
\c@subtable=\count379
\c@subtable@save=\count380
\c@lotdepth=\count381
\sf@top=\skip93
\sf@bottom=\skip94
)
(D:\Miktex\tex/latex/setspace\setspace.sty
Package: setspace 2022/12/04 v6.7b set line spacing
)
\c@GDUT@now@page=\count382
\c@GDUT@appendix=\count383

Package fontspec Info: Font family 'TimesNewRoman(0)' created for font 'Times
(fontspec)             New Roman' with options [Ligatures=TeX].
(fontspec)              
(fontspec)              This font family consists of the following NFSS
(fontspec)             series/shapes:
(fontspec)              
(fontspec)             - 'normal' (m/n) with NFSS spec.: <->"Times New
(fontspec)             Roman/OT:script=latn;language=dflt;mapping=tex-text;"
(fontspec)             - 'small caps'  (m/sc) with NFSS spec.: <->"Times New
(fontspec)             Roman/OT:script=latn;language=dflt;+smcp;mapping=tex-tex
t;"
(fontspec)             - 'bold' (b/n) with NFSS spec.: <->"Times New
(fontspec)             Roman/B/OT:script=latn;language=dflt;mapping=tex-text;"
(fontspec)             - 'bold small caps'  (b/sc) with NFSS spec.: <->"Times
(fontspec)             New
(fontspec)             Roman/B/OT:script=latn;language=dflt;+smcp;mapping=tex-t
ext;"
(fontspec)             - 'italic' (m/it) with NFSS spec.: <->"Times New
(fontspec)             Roman/I/OT:script=latn;language=dflt;mapping=tex-text;"
(fontspec)             - 'italic small caps'  (m/scit) with NFSS spec.:
(fontspec)             <->"Times New
(fontspec)             Roman/I/OT:script=latn;language=dflt;+smcp;mapping=tex-t
ext;"
(fontspec)             - 'bold italic' (b/it) with NFSS spec.: <->"Times New
(fontspec)             Roman/BI/OT:script=latn;language=dflt;mapping=tex-text;"

(fontspec)             - 'bold italic small caps'  (b/scit) with NFSS spec.:
(fontspec)             <->"Times New
(fontspec)             Roman/BI/OT:script=latn;language=dflt;+smcp;mapping=tex-
text;"



Package xeCJK Warning: Unknown CJK family `\CJKrmdefault' is being ignored.
(xeCJK)                
(xeCJK)                Try to use `\setCJKmainfont[<...>]{<...>}' to define
(xeCJK)                it.


Package fontspec Info: Could not resolve font "SimSun/I" (it probably doesn't
(fontspec)             exist).


Package fontspec Info: Could not resolve font "SimSun/BI" (it probably doesn't
(fontspec)             exist).


Package fontspec Info: Could not resolve font "SimSun/I" (it probably doesn't
(fontspec)             exist).


Package fontspec Info: Font family 'SimSun(0)' created for font 'SimSun' with
(fontspec)             options [Script={CJK},AutoFakeBold={2}].
(fontspec)              
(fontspec)              This font family consists of the following NFSS
(fontspec)             series/shapes:
(fontspec)              
(fontspec)             - 'normal' (m/n) with NFSS spec.:
(fontspec)             <->"SimSun/OT:script=hani;language=dflt;"
(fontspec)             - 'small caps'  (m/sc) with NFSS spec.: 
(fontspec)             - 'bold' (b/n) with NFSS spec.:
(fontspec)             <->"SimSun/OT:script=hani;language=dflt;embolden=2;"
(fontspec)             - 'bold small caps'  (b/sc) with NFSS spec.: 

Package hyperref Info: Option `colorlinks' set `true' on input line 108.
Package hyperref Info: Option `CJKbookmarks' set `true' on input line 108.
\GDUT@half@line@space=\dimen348
) (main.aux (chapter/ZhAbstract.aux) (chapter/EnAbstract.aux) (chapter/第一章.aux)
(chapter/第二章.aux) (chapter/第三章.aux) (chapter/第四章.aux) (chapter/第五章.aux)
(chapter/第六章.aux) (chapter/thank.aux) (chapter/appendix1.aux))
\openout1 = `main.aux'.

LaTeX Font Info:    Checking defaults for OML/cmm/m/it on input line 46.
LaTeX Font Info:    ... okay on input line 46.
LaTeX Font Info:    Checking defaults for OMS/cmsy/m/n on input line 46.
LaTeX Font Info:    ... okay on input line 46.
LaTeX Font Info:    Checking defaults for OT1/cmr/m/n on input line 46.
LaTeX Font Info:    ... okay on input line 46.
LaTeX Font Info:    Checking defaults for T1/cmr/m/n on input line 46.
LaTeX Font Info:    ... okay on input line 46.
LaTeX Font Info:    Checking defaults for TS1/cmr/m/n on input line 46.
LaTeX Font Info:    ... okay on input line 46.
LaTeX Font Info:    Checking defaults for TU/lmr/m/n on input line 46.
LaTeX Font Info:    ... okay on input line 46.
LaTeX Font Info:    Checking defaults for OMX/cmex/m/n on input line 46.
LaTeX Font Info:    ... okay on input line 46.
LaTeX Font Info:    Checking defaults for U/cmr/m/n on input line 46.
LaTeX Font Info:    ... okay on input line 46.
LaTeX Font Info:    Checking defaults for PD1/pdf/m/n on input line 46.
LaTeX Font Info:    ... okay on input line 46.
LaTeX Font Info:    Checking defaults for PU/pdf/m/n on input line 46.
LaTeX Font Info:    ... okay on input line 46.

Package fontspec Info: Adjusting the maths setup (use [no-math] to avoid
(fontspec)             this).

\symlegacymaths=\mathgroup9
LaTeX Font Info:    Overwriting symbol font `legacymaths' in version `bold'
(Font)                  OT1/cmr/m/n --> OT1/cmr/bx/n on input line 46.
LaTeX Font Info:    Redeclaring math accent \acute on input line 46.
LaTeX Font Info:    Redeclaring math accent \grave on input line 46.
LaTeX Font Info:    Redeclaring math accent \ddot on input line 46.
LaTeX Font Info:    Redeclaring math accent \tilde on input line 46.
LaTeX Font Info:    Redeclaring math accent \bar on input line 46.
LaTeX Font Info:    Redeclaring math accent \breve on input line 46.
LaTeX Font Info:    Redeclaring math accent \check on input line 46.
LaTeX Font Info:    Redeclaring math accent \hat on input line 46.
LaTeX Font Info:    Redeclaring math accent \dot on input line 46.
LaTeX Font Info:    Redeclaring math accent \mathring on input line 46.
LaTeX Font Info:    Redeclaring math symbol \Gamma on input line 46.
LaTeX Font Info:    Redeclaring math symbol \Delta on input line 46.
LaTeX Font Info:    Redeclaring math symbol \Theta on input line 46.
LaTeX Font Info:    Redeclaring math symbol \Lambda on input line 46.
LaTeX Font Info:    Redeclaring math symbol \Xi on input line 46.
LaTeX Font Info:    Redeclaring math symbol \Pi on input line 46.
LaTeX Font Info:    Redeclaring math symbol \Sigma on input line 46.
LaTeX Font Info:    Redeclaring math symbol \Upsilon on input line 46.
LaTeX Font Info:    Redeclaring math symbol \Phi on input line 46.
LaTeX Font Info:    Redeclaring math symbol \Psi on input line 46.
LaTeX Font Info:    Redeclaring math symbol \Omega on input line 46.
LaTeX Font Info:    Redeclaring math symbol \mathdollar on input line 46.
LaTeX Font Info:    Redeclaring symbol font `operators' on input line 46.
LaTeX Font Info:    Encoding `OT1' has changed to `TU' for symbol font
(Font)              `operators' in the math version `normal' on input line 46.
LaTeX Font Info:    Overwriting symbol font `operators' in version `normal'
(Font)                  OT1/cmr/m/n --> TU/TimesNewRoman(0)/m/n on input line 4
6.
LaTeX Font Info:    Encoding `OT1' has changed to `TU' for symbol font
(Font)              `operators' in the math version `bold' on input line 46.
LaTeX Font Info:    Overwriting symbol font `operators' in version `bold'
(Font)                  OT1/cmr/bx/n --> TU/TimesNewRoman(0)/m/n on input line 
46.
LaTeX Font Info:    Overwriting symbol font `operators' in version `normal'
(Font)                  TU/TimesNewRoman(0)/m/n --> TU/TimesNewRoman(0)/m/n on 
input line 46.
LaTeX Font Info:    Overwriting math alphabet `\mathit' in version `normal'
(Font)                  OT1/cmr/m/it --> TU/TimesNewRoman(0)/m/it on input line
 46.
LaTeX Font Info:    Overwriting math alphabet `\mathbf' in version `normal'
(Font)                  OT1/cmr/bx/n --> TU/TimesNewRoman(0)/b/n on input line 
46.
LaTeX Font Info:    Overwriting math alphabet `\mathsf' in version `normal'
(Font)                  OT1/cmss/m/n --> TU/TimesNewRoman(0)/m/n on input line 
46.
LaTeX Font Info:    Overwriting math alphabet `\mathtt' in version `normal'
(Font)                  OT1/cmtt/m/n --> TU/lmtt/m/n on input line 46.
LaTeX Font Info:    Overwriting symbol font `operators' in version `bold'
(Font)                  TU/TimesNewRoman(0)/m/n --> TU/TimesNewRoman(0)/b/n on 
input line 46.
LaTeX Font Info:    Overwriting math alphabet `\mathit' in version `bold'
(Font)                  OT1/cmr/bx/it --> TU/TimesNewRoman(0)/b/it on input lin
e 46.
LaTeX Font Info:    Overwriting math alphabet `\mathsf' in version `bold'
(Font)                  OT1/cmss/bx/n --> TU/TimesNewRoman(0)/b/n on input line
 46.
LaTeX Font Info:    Overwriting math alphabet `\mathtt' in version `bold'
(Font)                  OT1/cmtt/m/n --> TU/lmtt/b/n on input line 46.

*geometry* driver: auto-detecting
*geometry* detected driver: xetex
*geometry* verbose mode - [ preamble ] result:
* driver: xetex
* paper: <default>
* layout: <same size as paper>
* layoutoffset:(h,v)=(0.0pt,0.0pt)
* modes: 
* h-part:(L,W,R)=(85.35826pt, 455.24411pt, 56.9055pt)
* v-part:(T,H,B)=(85.35826pt, 688.5567pt, 71.13188pt)
* \paperwidth=597.50787pt
* \paperheight=845.04684pt
* \textwidth=455.24411pt
* \textheight=688.5567pt
* \oddsidemargin=13.08827pt
* \evensidemargin=13.08827pt
* \topmargin=-23.91173pt
* \headheight=12.0pt
* \headsep=25.0pt
* \topskip=12.0pt
* \footskip=30.0pt
* \marginparwidth=35.0pt
* \marginparsep=10.0pt
* \columnsep=10.0pt
* \skip\footins=10.8pt plus 4.0pt minus 2.0pt
* \hoffset=0.0pt
* \voffset=0.0pt
* \mag=1000
* \@twocolumnfalse
* \@twosidefalse
* \@mparswitchfalse
* \@reversemarginfalse
* (1in=72.27pt=25.4mm, 1cm=28.453pt)

Package hyperref Info: Link coloring ON on input line 46.
(main.out) (main.out)
\@outlinefile=\write4
\openout4 = `main.out'.

Package caption Info: Begin \AtBeginDocument code.
Package caption Info: subfig package v1.3 is loaded.
Package caption Info: listings package is loaded.
Package caption Info: rotating package is loaded.
Package caption Info: End \AtBeginDocument code.
\c@lstlisting=\count384

Package pgfplots notification 'compat/show suggested version=true': document ha
s been generated with the most recent feature set (\pgfplotsset{compat=1.18}).

File: figure/logo.jpg Graphic file (type bmp)
<figure/logo.jpg>
File: figure/brand.jpg Graphic file (type bmp)
<figure/brand.jpg>

Package fontspec Info: Could not resolve font "SimHei/I" (it probably doesn't
(fontspec)             exist).


Package fontspec Info: Could not resolve font "SimHei/BI" (it probably doesn't
(fontspec)             exist).


Package fontspec Info: Could not resolve font "SimHei/I" (it probably doesn't
(fontspec)             exist).


Package fontspec Info: Font family 'SimHei(0)' created for font 'SimHei' with
(fontspec)             options [Script={CJK},AutoFakeBold={2}].
(fontspec)              
(fontspec)              This font family consists of the following NFSS
(fontspec)             series/shapes:
(fontspec)              
(fontspec)             - 'normal' (m/n) with NFSS spec.:
(fontspec)             <->"SimHei/OT:script=hani;language=dflt;"
(fontspec)             - 'small caps'  (m/sc) with NFSS spec.: 
(fontspec)             - 'bold' (b/n) with NFSS spec.:
(fontspec)             <->"SimHei/OT:script=hani;language=dflt;embolden=2;"
(fontspec)             - 'bold small caps'  (b/sc) with NFSS spec.: 

LaTeX Font Info:    Trying to load font information for U+msa on input line 47.

(D:\Miktex\tex/latex/amsfonts\umsa.fd
File: umsa.fd 2013/01/14 v3.01 AMS symbols A
)
LaTeX Font Info:    Trying to load font information for U+msb on input line 47.

 (D:\Miktex\tex/latex/amsfonts\umsb.fd
File: umsb.fd 2013/01/14 v3.01 AMS symbols B
)
[1

]
\GDUT@spine@title@box=\box90

Package fontspec Info: Could not resolve font "SimHei/BI" (it probably doesn't
(fontspec)             exist).


Package fontspec Info: Could not resolve font "SimHei/B" (it probably doesn't
(fontspec)             exist).


Package fontspec Info: Could not resolve font "SimHei/I" (it probably doesn't
(fontspec)             exist).


Package fontspec Info: Font family 'SimHei(1)' created for font 'SimHei' with
(fontspec)             options [Script={CJK},RawFeature={vertical:+vert}].
(fontspec)              
(fontspec)              This font family consists of the following NFSS
(fontspec)             series/shapes:
(fontspec)              
(fontspec)             - 'normal' (m/n) with NFSS spec.:
(fontspec)             <->"SimHei/OT:script=hani;language=dflt;vertical:+vert;"

(fontspec)             - 'small caps'  (m/sc) with NFSS spec.: 

\GDUT@spine@name@box=\box91
\GDUT@spine@college@box=\box92
\GDUT@spine@title@centerfix=\dimen349
\GDUT@spine@name@centerfix=\dimen350
\GDUT@spine@college@centerfix=\dimen351
*geometry* verbose mode - [ newgeometry ] result:
* driver: xetex
* paper: <default>
* layout: <same size as paper>
* layoutoffset:(h,v)=(0.0pt,0.0pt)
* modes: 
* h-part:(L,W,R)=(89.62709pt, 418.25368pt, 89.6271pt)
* v-part:(T,H,B)=(80.52135pt, 745.17784pt, 19.34766pt)
* \paperwidth=597.50787pt
* \paperheight=845.04684pt
* \textwidth=418.25368pt
* \textheight=745.17784pt
* \oddsidemargin=17.3571pt
* \evensidemargin=17.3571pt
* \topmargin=-28.74864pt
* \headheight=12.0pt
* \headsep=25.0pt
* \topskip=12.0pt
* \footskip=30.0pt
* \marginparwidth=35.0pt
* \marginparsep=10.0pt
* \columnsep=10.0pt
* \skip\footins=10.8pt plus 4.0pt minus 2.0pt
* \hoffset=0.0pt
* \voffset=0.0pt
* \mag=1000
* \@twocolumnfalse
* \@twosidefalse
* \@mparswitchfalse
* \@reversemarginfalse
* (1in=72.27pt=25.4mm, 1cm=28.453pt)

\GDUT@spine@height=\dimen352
\GDUT@spine@describe@box=\box93

Underfull \vbox (badness 10000) detected at line 50
 []

[1


]
\openout2 = `chapter/ZhAbstract.aux'.

 (chapter/ZhAbstract.tex [1




])
\openout2 = `chapter/EnAbstract.aux'.

 (chapter/EnAbstract.tex
Overfull \hbox (8.97931pt too wide) in paragraph at lines 6--6
[]\TU/TimesNewRoman(0)/m/n/12.045 Compared to traditional MCU control, this des
ign uses a CPLD chip to control the TUSS4470
 []

[1





]) (main.toc [1




])
\tf@toc=\write5
\openout5 = `main.toc'.

 [2]
\openout2 = `chapter/第一章.aux'.

 (chapter/第一章.tex
LaTeX Font Info:    Trying to load font information for TU+Times New Roman on i
nput line 43.
LaTeX Font Info:    No file TUTimes New Roman.fd. on input line 43.


LaTeX Font Warning: Font shape `TU/Times New Roman/m/n' undefined
(Font)              using `TU/lmr/m/n' instead on input line 43.

[1



]
File: figure/双压电晶片示意图.png Graphic file (type bmp)
<figure/双压电晶片示意图.png>
File: figure/双压电晶片等效电路.png Graphic file (type bmp)
<figure/双压电晶片等效电路.png>

Overfull \hbox (2.0075pt too wide) in paragraph at lines 71--83
[]$[]$ $[]$ 
 []

[2]
File: figure/超声换能器结构图.png Graphic file (type bmp)
<figure/超声换能器结构图.png>
 [3]
File: figure/连续波相位检测法.png Graphic file (type bmp)
<figure/连续波相位检测法.png>
 [4]
File: figure/飞行时间检测法.png Graphic file (type bmp)
<figure/飞行时间检测法.png>
 [5]) [6]
\openout2 = `chapter/第二章.aux'.

 (chapter/第二章.tex
File: figure/overall designment.png Graphic file (type bmp)
<figure/overall designment.png>
 [7




]
File: figure/VOUT image.png Graphic file (type bmp)
<figure/VOUT image.png>


LaTeX Warning: `!h' float specifier changed to `!ht'.

[8]) [9]
\openout2 = `chapter/第三章.aux'.

 (chapter/第三章.tex
File: figure/Overall circuit.png Graphic file (type bmp)
<figure/Overall circuit.png>
File: figure/detection count circuit.png Graphic file (type bmp)
<figure/detection count circuit.png>
 [10




]
File: figure/overall pcb.png Graphic file (type bmp)
<figure/overall pcb.png>

Overfull \hbox (18.83269pt too wide) in paragraph at lines 41--41
 [][] 
 []

File: figure/cpld pcb.png Graphic file (type bmp)
<figure/cpld pcb.png>

Overfull \hbox (12.04498pt too wide) in paragraph at lines 41--49
 [][][][] 
 []

[11]
File: figure/Function Block Diagram.png Graphic file (type bmp)
<figure/Function Block Diagram.png>
 [12]
File: figure/Analog Front-End Block Diagram.png Graphic file (type bmp)
<figure/Analog Front-End Block Diagram.png>
File: figure/TUSS4470 peripheral circuit.png Graphic file (type bmp)
<figure/TUSS4470 peripheral circuit.png>
 [13]
File: figure/VPWR PIN.png Graphic file (type bmp)
<figure/VPWR PIN.png>
File: figure/TUSS4470 Transducer Drive Options.png Graphic file (type bmp)
<figure/TUSS4470 Transducer Drive Options.png>
File: figure/OUTA PIN.png Graphic file (type bmp)
<figure/OUTA PIN.png>

Overfull \hbox (12.04498pt too wide) in paragraph at lines 118--126
 [][][][] 
 []

[14]
File: figure/seperate ground.png Graphic file (type bmp)
<figure/seperate ground.png>
File: figure/TUSS4470 pcb.png Graphic file (type bmp)
<figure/TUSS4470 pcb.png>
File: figure/TUSS4470 PIN.png Graphic file (type bmp)
<figure/TUSS4470 PIN.png>

Overfull \hbox (2.0075pt too wide) in paragraph at lines 142--154
[][] [] 
 []

[15] [16]) [17]
\openout2 = `chapter/第四章.aux'.

 (chapter/第四章.tex
File: figure/detection logic.png Graphic file (type bmp)
<figure/detection logic.png>
File: figure/LED state transition diagram.png Graphic file (type bmp)
<figure/LED state transition diagram.png>


LaTeX Warning: `!h' float specifier changed to `!ht'.

[18




]
Overfull \hbox (5.91524pt too wide) in paragraph at lines 22--22
\TU/TimesNewRoman(0)/m/n/12.045 D_NUM \TU/SimSun(0)/m/n/12.045 用 于 记 录 一 次 检 测 
周 期 中 有 效 回 波 的 次 数，|  当 一 次 检 测 周 期 内 \TU/TimesNewRoman(0)/m/n/12.045 DETECTED
_NUM
 []

File: figure/Overall program block diagram.png Graphic file (type bmp)
<figure/Overall program block diagram.png>
[19]
File: figure/MAIN module flow chart.png Graphic file (type bmp)
<figure/MAIN module flow chart.png>
 [20]
File: figure/DATA_SHIFT.png Graphic file (type bmp)
<figure/DATA_SHIFT.png>
 [21]
File: figure/SPI Program Flow Chart.png Graphic file (type bmp)
<figure/SPI Program Flow Chart.png>


LaTeX Warning: `!h' float specifier changed to `!ht'.


Overfull \hbox (0.45932pt too wide) in paragraph at lines 106--108
[]\TU/SimSun(0)/m/n/12.045 图 中 \TU/TimesNewRoman(0)/m/n/12.045 SPI_CNT \TU/SimS
un(0)/m/n/12.045 用 于 记 录 收 发 数 据 的 帧 数\TU/TimesNewRoman(0)/m/n/12.045 ;DONE \TU
/SimSun(0)/m/n/12.045 为 每 帧 数 据 发 送 完 成 标 志 位\TU/TimesNewRoman(0)/m/n/12.045 ;W
ORK
 []

[22]
File: figure/SPI Frame.png Graphic file (type bmp)
<figure/SPI Frame.png>
File: figure/SPI Transfer Sequence.png Graphic file (type bmp)
<figure/SPI Transfer Sequence.png>


LaTeX Warning: `!h' float specifier changed to `!ht'.

[23] [24] [25]
File: figure/IO MODE1.png Graphic file (type bmp)
<figure/IO MODE1.png>
File: figure/single pulse control.png Graphic file (type bmp)
<figure/single pulse control.png>
File: figure/multiple pulse control.png Graphic file (type bmp)
<figure/multiple pulse control.png>
 [26] [27]
File: figure/TESTBENCH structure.png Graphic file (type bmp)
<figure/TESTBENCH structure.png>
 [28]
File: figure/overall wave simulation.png Graphic file (type bmp)
<figure/overall wave simulation.png>

Overfull \hbox (22.76358pt too wide) in paragraph at lines 296--296
[][] 
 []

File: figure/spi wave simulation.png Graphic file (type bmp)
<figure/spi wave simulation.png>

Overfull \hbox (22.76358pt too wide) in paragraph at lines 303--303
[][] 
 []

File: figure/pulse wave simulation.png Graphic file (type bmp)
<figure/pulse wave simulation.png>

Overfull \hbox (22.76358pt too wide) in paragraph at lines 309--309
[][] 
 []

) [29]
\openout2 = `chapter/第五章.aux'.

 (chapter/第五章.tex
File: figure/physical map.png Graphic file (type bmp)
<figure/physical map.png>
 [30




]
File: figure/debug waveform1.png Graphic file (type bmp)
<figure/debug waveform1.png>


LaTeX Warning: Reference `SPI数据结构图1' on page 31 undefined on input line 27.

File: figure/debug waveform2.png Graphic file (type bmp)
<figure/debug waveform2.png>
[31]
File: figure/debug waveform9.png Graphic file (type bmp)
<figure/debug waveform9.png>
File: figure/debug waveform3.png Graphic file (type bmp)
<figure/debug waveform3.png>
File: figure/debug waveform4.png Graphic file (type bmp)
<figure/debug waveform4.png>
 [32]
File: figure/debug waveform5.png Graphic file (type bmp)
<figure/debug waveform5.png>
File: figure/debug waveform6.png Graphic file (type bmp)
<figure/debug waveform6.png>
File: figure/debug waveform7.png Graphic file (type bmp)
<figure/debug waveform7.png>
 [33]
File: figure/debug wave form8.png Graphic file (type bmp)
<figure/debug wave form8.png>
File: figure/虚拟示波器.png Graphic file (type bmp)
<figure/虚拟示波器.png>
File: figure/实验器材图.png Graphic file (type bmp)
<figure/实验器材图.png>

Overfull \hbox (12.04498pt too wide) in paragraph at lines 110--118
 [][][][] 
 []

[34] [35]
File: figure/G3.png Graphic file (type bmp)
<figure/G3.png>
File: figure/G1.png Graphic file (type bmp)
<figure/G1.png>
File: figure/G2.png Graphic file (type bmp)
<figure/G2.png>

Overfull \hbox (12.04498pt too wide) in paragraph at lines 217--225
 [][][][] 
 []

[36]) [37]
\openout2 = `chapter/第六章.aux'.

 (chapter/第六章.tex) [38




] (main.bbl [39




]) [40]
\openout2 = `chapter/thank.aux'.

 (chapter/thank.tex)
[41



]
\openout2 = `chapter/appendix1.aux'.

 (chapter/appendix1.tex (D:\Miktex\tex/latex/listings\lstlang1.sty
File: lstlang1.sty 2020/03/24 1.8d listings language file
)
(D:\Miktex\tex/latex/listings\lstlang2.sty
File: lstlang2.sty 2020/03/24 1.8d listings language file
)
(D:\Miktex\tex/latex/listings\lstlang3.sty
File: lstlang3.sty 2020/03/24 1.8d listings language file
)
Package hyperref Info: bookmark level for unknown lstlisting defaults to 0 on i
nput line 5.
 (code/ultrasonic_sensor3_1.v
[42





]) (code/main.v [43] [44] [45] [46] [47] [48]) (code/spi.v [49] [50]
[51] [52] [53] [54] [55] [56]) (code/pulse_generation.v [57] [58])
(code/detected_count.v [59]) (code/ultrasonic_sensor3_1.vt [60] [61])) [62]
(main.aux (chapter/ZhAbstract.aux) (chapter/EnAbstract.aux) (chapter/第一章.aux)
(chapter/第二章.aux) (chapter/第三章.aux) (chapter/第四章.aux) (chapter/第五章.aux)
(chapter/第六章.aux) (chapter/thank.aux) (chapter/appendix1.aux))

LaTeX Font Warning: Some font shapes were not available, defaults substituted.


LaTeX Warning: There were undefined references.

Package rerunfilecheck Info: File `main.out' has not changed.
(rerunfilecheck)             Checksum: 30A9732FEACDBD7C6237DC5822AFEEBA;7936.
 ) 
Here is how much of TeX's memory you used:
 45127 strings out of 410532
 1085077 string characters out of 2820404
 1790847 words of memory out of 3000000
 65459 multiletter control sequences out of 15000+600000
 492134 words of font info for 165 fonts, out of 8000000 for 9000
 1348 hyphenation exceptions out of 8191
 103i,18n,131p,1264b,2087s stack positions out of 10000i,1000n,20000p,200000b,80000s

Output written on main.pdf (68 pages).
