\BOOKMARK [1][-]{section.1}{\376\377\176\352\213\272}{}% 1
\BOOKMARK [2][-]{subsection.1.1}{\376\377\230\230\166\356\200\314\146\157\123\312\166\356\166\204}{section.1}% 2
\BOOKMARK [2][-]{subsection.1.2}{\376\377\126\375\121\205\131\026\170\024\172\166\162\266\121\265}{section.1}% 3
\BOOKMARK [2][-]{subsection.1.3}{\376\377\230\230\166\356\170\024\172\166\145\271\154\325}{section.1}% 4
\BOOKMARK [2][-]{subsection.1.4}{\376\377\213\272\145\207\147\204\142\020\123\312\170\024\172\166\121\205\133\271}{section.1}% 5
\BOOKMARK [1][-]{section.2}{\376\377\000I\176\247\123\366\000/\166\330\123\117\214\003\217\154\133\120\126\372\147\011\143\057\122\250\162\171\140\047\122\006\147\220}{}% 6
\BOOKMARK [2][-]{subsection.2.1}{\376\377\127\372\170\100\167\345\213\306}{section.2}% 7
\BOOKMARK [3][-]{subsubsection.2.1.1}{\376\377\147\011\226\120\121\103\154\325}{subsection.2.1}% 8
\BOOKMARK [3][-]{subsubsection.2.1.2}{\376\377\137\252\163\257\133\371\171\360\176\323\147\204\166\204\122\006\147\220\145\271\154\325}{subsection.2.1}% 9
\BOOKMARK [2][-]{subsection.2.2}{\376\377\000I\176\247\123\366\000/\166\330\217\154\133\120\143\057\122\250\162\171\140\047\166\204\147\011\226\120\121\103\122\006\147\220}{section.2}% 10
\BOOKMARK [3][-]{subsubsection.2.2.1}{\376\377\213\241\173\227\152\041\127\213}{subsection.2.2}% 11
\BOOKMARK [3][-]{subsubsection.2.2.2}{\376\377\147\011\226\120\121\103\213\241\173\227\176\323\147\234\123\312\122\006\147\220}{subsection.2.2}% 12
\BOOKMARK [1][-]{section.3}{\376\377\041\140\176\247\123\366\000/\166\330\217\154\133\120\225\031\230\221\145\271\150\110\166\204\133\371\153\324\122\006\147\220}{}% 13
\BOOKMARK [2][-]{subsection.3.1}{\376\377\131\032\201\352\165\061\136\246\174\373\176\337\166\204\137\072\217\353\124\315\136\224\122\006\147\220}{section.3}% 14
\BOOKMARK [3][-]{subsubsection.3.1.1}{\376\377\122\250\140\001\124\315\136\224\166\204\213\241\173\227\145\271\154\325}{subsection.3.1}% 15
\BOOKMARK [3][-]{subsubsection.3.1.2}{\376\377\137\072\217\353\166\370\136\224\122\115\166\204\121\306\131\007\135\345\117\134}{subsection.3.1}% 16
\BOOKMARK [1][-]{section*.7}{\376\377\123\302\200\003\145\207\163\056}{}% 17
\BOOKMARK [1][-]{section*.8}{\376\377\201\364\214\042}{}% 18
\BOOKMARK [1][-]{section*.9}{\376\377\226\104\137\125\000A\230\221\214\061\126\376}{}% 19
\BOOKMARK [1][-]{section*.11}{\376\377\226\104\137\125\000B\116\000\176\364\154\342\122\250\145\160\143\156\166\204\165\037\142\020}{}% 20
