This is XeTeX, Version 3.141592653-2.6-0.999994 (MiKTeX 22.10) (preloaded format=xelatex 2023.4.17)  25 APR 2023 21:50
entering extended mode
 restricted \write18 enabled.
 %&-line parsing enabled.
**"./第六章 .tex"
(第六章 .tex
LaTeX2e <2022-06-01> patch level 5
L3 programming layer <2022-09-28>
! Undefined control sequence.
l.2 \section
            {总结与展望}
The control sequence at the end of the top line
of your error message was never \def'ed. If you have
misspelled it (e.g., `\hobx'), type `I' and the correct
spelling (e.g., `I\hbox'). Otherwise just continue,
and I'll forget about whatever was undefined.


! LaTeX Error: Missing \begin{document}.

See the LaTeX manual or LaTeX Companion for explanation.
Type  H <return>  for immediate help.
 ...                                              
                                                  
l.2 \section{总
              结与展望}
You're in trouble here.  Try typing  <return>  to proceed.
If that doesn't work, type  X <return>  to quit.

Missing character: There is no 总 in font nullfont!
Missing character: There is no 结 in font nullfont!
Missing character: There is no 与 in font nullfont!
Missing character: There is no 展 in font nullfont!
Missing character: There is no 望 in font nullfont!
Missing character: There is no 在 in font nullfont!
Missing character: There is no 本 in font nullfont!
Missing character: There is no 研 in font nullfont!
Missing character: There is no 究 in font nullfont!
Missing character: There is no 中 in font nullfont!
Missing character: There is no ， in font nullfont!
Missing character: There is no 我 in font nullfont!
Missing character: There is no 们 in font nullfont!
Missing character: There is no 成 in font nullfont!
Missing character: There is no 功 in font nullfont!
Missing character: There is no 地 in font nullfont!
Missing character: There is no 基 in font nullfont!
Missing character: There is no 于 in font nullfont!
Missing character: There is no T in font nullfont!
Missing character: There is no U in font nullfont!
Missing character: There is no S in font nullfont!
Missing character: There is no S in font nullfont!
Missing character: There is no 4 in font nullfont!
Missing character: There is no 4 in font nullfont!
Missing character: There is no 7 in font nullfont!
Missing character: There is no 0 in font nullfont!
Missing character: There is no 芯 in font nullfont!
Missing character: There is no 片 in font nullfont!
Missing character: There is no 设 in font nullfont!
Missing character: There is no 计 in font nullfont!
Missing character: There is no 并 in font nullfont!
Missing character: There is no 制 in font nullfont!
Missing character: There is no 作 in font nullfont!
Missing character: There is no 了 in font nullfont!
Missing character: There is no 超 in font nullfont!
Missing character: There is no 声 in font nullfont!
Missing character: There is no 波 in font nullfont!
Missing character: There is no 接 in font nullfont!
Missing character: There is no 近 in font nullfont!
Missing character: There is no 传 in font nullfont!
Missing character: There is no 感 in font nullfont!
Missing character: There is no 器 in font nullfont!
Missing character: There is no ， in font nullfont!
Missing character: There is no 并 in font nullfont!
Missing character: There is no 使 in font nullfont!
Missing character: There is no 用 in font nullfont!
Missing character: There is no C in font nullfont!
Missing character: There is no P in font nullfont!
Missing character: There is no L in font nullfont!
Missing character: There is no D in font nullfont!
Missing character: There is no 芯 in font nullfont!
Missing character: There is no 片 in font nullfont!
Missing character: There is no 实 in font nullfont!
Missing character: There is no 现 in font nullfont!
Missing character: There is no 了 in font nullfont!
Missing character: There is no 传 in font nullfont!
Missing character: There is no 感 in font nullfont!
Missing character: There is no 器 in font nullfont!
Missing character: There is no 的 in font nullfont!
Missing character: There is no 控 in font nullfont!
Missing character: There is no 制 in font nullfont!
Missing character: There is no 电 in font nullfont!
Missing character: There is no 路 in font nullfont!
Missing character: There is no 。 in font nullfont!
Missing character: There is no 我 in font nullfont!
Missing character: There is no 们 in font nullfont!
Missing character: There is no 详 in font nullfont!
Missing character: There is no 细 in font nullfont!
Missing character: There is no 地 in font nullfont!
Missing character: There is no 介 in font nullfont!
Missing character: There is no 绍 in font nullfont!
Missing character: There is no 了 in font nullfont!
Missing character: There is no 超 in font nullfont!
Missing character: There is no 声 in font nullfont!
Missing character: There is no 波 in font nullfont!
Missing character: There is no 传 in font nullfont!
Missing character: There is no 感 in font nullfont!
Missing character: There is no 器 in font nullfont!
Missing character: There is no 的 in font nullfont!
Missing character: There is no 工 in font nullfont!
Missing character: There is no 作 in font nullfont!
Missing character: There is no 原 in font nullfont!
Missing character: There is no 理 in font nullfont!
Missing character: There is no 和 in font nullfont!
Missing character: There is no 设 in font nullfont!
Missing character: There is no 计 in font nullfont!
Missing character: There is no 流 in font nullfont!
Missing character: There is no 程 in font nullfont!
Missing character: There is no ， in font nullfont!
Missing character: There is no 并 in font nullfont!
Missing character: There is no 对 in font nullfont!
Missing character: There is no C in font nullfont!
Missing character: There is no P in font nullfont!
Missing character: There is no L in font nullfont!
Missing character: There is no D in font nullfont!
Missing character: There is no 芯 in font nullfont!
Missing character: There is no 片 in font nullfont!
Missing character: There is no 的 in font nullfont!
Missing character: There is no 控 in font nullfont!
Missing character: There is no 制 in font nullfont!
Missing character: There is no 电 in font nullfont!
Missing character: There is no 路 in font nullfont!
Missing character: There is no 、 in font nullfont!
Missing character: There is no 电 in font nullfont!
Missing character: There is no 源 in font nullfont!
Missing character: There is no 电 in font nullfont!
Missing character: There is no 路 in font nullfont!
Missing character: There is no 、 in font nullfont!
Missing character: There is no J in font nullfont!
Missing character: There is no T in font nullfont!
Missing character: There is no A in font nullfont!
Missing character: There is no G in font nullfont!
Missing character: There is no 下 in font nullfont!
Missing character: There is no 载 in font nullfont!
Missing character: There is no 模 in font nullfont!
Missing character: There is no 块 in font nullfont!
Missing character: There is no 和 in font nullfont!
Missing character: There is no 时 in font nullfont!
Missing character: There is no 钟 in font nullfont!
Missing character: There is no 模 in font nullfont!
Missing character: There is no 块 in font nullfont!
Missing character: There is no 等 in font nullfont!
Missing character: There is no 进 in font nullfont!
Missing character: There is no 行 in font nullfont!
Missing character: There is no 了 in font nullfont!
Missing character: There is no 详 in font nullfont!
Missing character: There is no 细 in font nullfont!
Missing character: There is no 的 in font nullfont!
Missing character: There is no 分 in font nullfont!
Missing character: There is no 析 in font nullfont!
Missing character: There is no 和 in font nullfont!
Missing character: There is no 讨 in font nullfont!
Missing character: There is no 论 in font nullfont!
Missing character: There is no 。 in font nullfont!
Missing character: There is no 通 in font nullfont!
Missing character: There is no 过 in font nullfont!
Missing character: There is no 实 in font nullfont!
Missing character: There is no 验 in font nullfont!
Missing character: There is no 验 in font nullfont!
Missing character: There is no 证 in font nullfont!
Missing character: There is no ， in font nullfont!
Missing character: There is no 我 in font nullfont!
Missing character: There is no 们 in font nullfont!
Missing character: There is no 证 in font nullfont!
Missing character: There is no 明 in font nullfont!
Missing character: There is no 了 in font nullfont!
Missing character: There is no 该 in font nullfont!
Missing character: There is no 传 in font nullfont!
Missing character: There is no 感 in font nullfont!
Missing character: There is no 器 in font nullfont!
Missing character: There is no 具 in font nullfont!
Missing character: There is no 有 in font nullfont!
Missing character: There is no 高 in font nullfont!
Missing character: There is no 精 in font nullfont!
Missing character: There is no 度 in font nullfont!
Missing character: There is no 、 in font nullfont!
Missing character: There is no 高 in font nullfont!
Missing character: There is no 灵 in font nullfont!
Missing character: There is no 敏 in font nullfont!
Missing character: There is no 度 in font nullfont!
Missing character: There is no 、 in font nullfont!
Missing character: There is no 低 in font nullfont!
Missing character: There is no 功 in font nullfont!
Missing character: There is no 耗 in font nullfont!
Missing character: There is no 等 in font nullfont!
Missing character: There is no 优 in font nullfont!
Missing character: There is no 点 in font nullfont!
Missing character: There is no ， in font nullfont!
Missing character: There is no 满 in font nullfont!
Missing character: There is no 足 in font nullfont!
Missing character: There is no 任 in font nullfont!
Missing character: There is no 务 in font nullfont!
Missing character: There is no 书 in font nullfont!
Missing character: There is no 中 in font nullfont!
Missing character: There is no 的 in font nullfont!
Missing character: There is no 要 in font nullfont!
Missing character: There is no 求 in font nullfont!
Missing character: There is no 。 in font nullfont!

Overfull \hbox (20.0pt too wide) in paragraph at lines 2--3
[] 
 []


! LaTeX Error: Missing \begin{document}.

See the LaTeX manual or LaTeX Companion for explanation.
Type  H <return>  for immediate help.
 ...                                              
                                                  
l.4 尽
     管本设计完成了一定成果，但仍然存在一些局限性和不足之处。未来的研究可以从以下几个方面进行深入研究：\par
You're in trouble here.  Try typing  <return>  to proceed.
If that doesn't work, type  X <return>  to quit.

Missing character: There is no 尽 in font nullfont!
Missing character: There is no 管 in font nullfont!
Missing character: There is no 本 in font nullfont!
Missing character: There is no 设 in font nullfont!
Missing character: There is no 计 in font nullfont!
Missing character: There is no 完 in font nullfont!
Missing character: There is no 成 in font nullfont!
Missing character: There is no 了 in font nullfont!
Missing character: There is no 一 in font nullfont!
Missing character: There is no 定 in font nullfont!
Missing character: There is no 成 in font nullfont!
Missing character: There is no 果 in font nullfont!
Missing character: There is no ， in font nullfont!
Missing character: There is no 但 in font nullfont!
Missing character: There is no 仍 in font nullfont!
Missing character: There is no 然 in font nullfont!
Missing character: There is no 存 in font nullfont!
Missing character: There is no 在 in font nullfont!
Missing character: There is no 一 in font nullfont!
Missing character: There is no 些 in font nullfont!
Missing character: There is no 局 in font nullfont!
Missing character: There is no 限 in font nullfont!
Missing character: There is no 性 in font nullfont!
Missing character: There is no 和 in font nullfont!
Missing character: There is no 不 in font nullfont!
Missing character: There is no 足 in font nullfont!
Missing character: There is no 之 in font nullfont!
Missing character: There is no 处 in font nullfont!
Missing character: There is no 。 in font nullfont!
Missing character: There is no 未 in font nullfont!
Missing character: There is no 来 in font nullfont!
Missing character: There is no 的 in font nullfont!
Missing character: There is no 研 in font nullfont!
Missing character: There is no 究 in font nullfont!
Missing character: There is no 可 in font nullfont!
Missing character: There is no 以 in font nullfont!
Missing character: There is no 从 in font nullfont!
Missing character: There is no 以 in font nullfont!
Missing character: There is no 下 in font nullfont!
Missing character: There is no 几 in font nullfont!
Missing character: There is no 个 in font nullfont!
Missing character: There is no 方 in font nullfont!
Missing character: There is no 面 in font nullfont!
Missing character: There is no 进 in font nullfont!
Missing character: There is no 行 in font nullfont!
Missing character: There is no 深 in font nullfont!
Missing character: There is no 入 in font nullfont!
Missing character: There is no 研 in font nullfont!
Missing character: There is no 究 in font nullfont!
Missing character: There is no ： in font nullfont!

Overfull \hbox (20.0pt too wide) in paragraph at lines 4--4
[] 
 []


! LaTeX Error: Missing \begin{document}.

See the LaTeX manual or LaTeX Companion for explanation.
Type  H <return>  for immediate help.
 ...                                              
                                                  
l.5 将
     CPLD芯片用价格低廉、封装小的国产FPGA芯片替代。随着国内FPGA技术的发展和成熟，其在性能、功耗和成本等方面的优势逐渐显现,通过使用国产...

You're in trouble here.  Try typing  <return>  to proceed.
If that doesn't work, type  X <return>  to quit.

Missing character: There is no 将 in font nullfont!
Missing character: There is no C in font nullfont!
Missing character: There is no P in font nullfont!
Missing character: There is no L in font nullfont!
Missing character: There is no D in font nullfont!
Missing character: There is no 芯 in font nullfont!
Missing character: There is no 片 in font nullfont!
Missing character: There is no 用 in font nullfont!
Missing character: There is no 价 in font nullfont!
Missing character: There is no 格 in font nullfont!
Missing character: There is no 低 in font nullfont!
Missing character: There is no 廉 in font nullfont!
Missing character: There is no 、 in font nullfont!
Missing character: There is no 封 in font nullfont!
Missing character: There is no 装 in font nullfont!
Missing character: There is no 小 in font nullfont!
Missing character: There is no 的 in font nullfont!
Missing character: There is no 国 in font nullfont!
Missing character: There is no 产 in font nullfont!
Missing character: There is no F in font nullfont!
Missing character: There is no P in font nullfont!
Missing character: There is no G in font nullfont!
Missing character: There is no A in font nullfont!
Missing character: There is no 芯 in font nullfont!
Missing character: There is no 片 in font nullfont!
Missing character: There is no 替 in font nullfont!
Missing character: There is no 代 in font nullfont!
Missing character: There is no 。 in font nullfont!
Missing character: There is no 随 in font nullfont!
Missing character: There is no 着 in font nullfont!
Missing character: There is no 国 in font nullfont!
Missing character: There is no 内 in font nullfont!
Missing character: There is no F in font nullfont!
Missing character: There is no P in font nullfont!
Missing character: There is no G in font nullfont!
Missing character: There is no A in font nullfont!
Missing character: There is no 技 in font nullfont!
Missing character: There is no 术 in font nullfont!
Missing character: There is no 的 in font nullfont!
Missing character: There is no 发 in font nullfont!
Missing character: There is no 展 in font nullfont!
Missing character: There is no 和 in font nullfont!
Missing character: There is no 成 in font nullfont!
Missing character: There is no 熟 in font nullfont!
Missing character: There is no ， in font nullfont!
Missing character: There is no 其 in font nullfont!
Missing character: There is no 在 in font nullfont!
Missing character: There is no 性 in font nullfont!
Missing character: There is no 能 in font nullfont!
Missing character: There is no 、 in font nullfont!
Missing character: There is no 功 in font nullfont!
Missing character: There is no 耗 in font nullfont!
Missing character: There is no 和 in font nullfont!
Missing character: There is no 成 in font nullfont!
Missing character: There is no 本 in font nullfont!
Missing character: There is no 等 in font nullfont!
Missing character: There is no 方 in font nullfont!
Missing character: There is no 面 in font nullfont!
Missing character: There is no 的 in font nullfont!
Missing character: There is no 优 in font nullfont!
Missing character: There is no 势 in font nullfont!
Missing character: There is no 逐 in font nullfont!
Missing character: There is no 渐 in font nullfont!
Missing character: There is no 显 in font nullfont!
Missing character: There is no 现 in font nullfont!
Missing character: There is no , in font nullfont!
Missing character: There is no 通 in font nullfont!
Missing character: There is no 过 in font nullfont!
Missing character: There is no 使 in font nullfont!
Missing character: There is no 用 in font nullfont!
Missing character: There is no 国 in font nullfont!
Missing character: There is no 产 in font nullfont!
Missing character: There is no F in font nullfont!
Missing character: There is no P in font nullfont!
Missing character: There is no G in font nullfont!
Missing character: There is no A in font nullfont!
Missing character: There is no 芯 in font nullfont!
Missing character: There is no 片 in font nullfont!
Missing character: There is no ， in font nullfont!
Missing character: There is no 可 in font nullfont!
Missing character: There is no 以 in font nullfont!
Missing character: There is no 进 in font nullfont!
Missing character: There is no 一 in font nullfont!
Missing character: There is no 步 in font nullfont!
Missing character: There is no 降 in font nullfont!
Missing character: There is no 低 in font nullfont!
Missing character: There is no 传 in font nullfont!
Missing character: There is no 感 in font nullfont!
Missing character: There is no 器 in font nullfont!
Missing character: There is no 成 in font nullfont!
Missing character: There is no 本 in font nullfont!
Missing character: There is no ， in font nullfont!
Missing character: There is no 提 in font nullfont!
Missing character: There is no 高 in font nullfont!
Missing character: There is no 传 in font nullfont!
Missing character: There is no 感 in font nullfont!
Missing character: There is no 器 in font nullfont!
Missing character: There is no 的 in font nullfont!
Missing character: There is no 经 in font nullfont!
Missing character: There is no 济 in font nullfont!
Missing character: There is no 性 in font nullfont!
Missing character: There is no 。 in font nullfont!
Missing character: There is no 同 in font nullfont!
Missing character: There is no 时 in font nullfont!
Missing character: There is no ， in font nullfont!
Missing character: There is no 在 in font nullfont!
Missing character: There is no 本 in font nullfont!
Missing character: There is no 设 in font nullfont!
Missing character: There is no 计 in font nullfont!
Missing character: There is no 中 in font nullfont!
Missing character: There is no C in font nullfont!
Missing character: There is no P in font nullfont!
Missing character: There is no L in font nullfont!
Missing character: There is no D in font nullfont!
Missing character: There is no 芯 in font nullfont!
Missing character: There is no 片 in font nullfont!
Missing character: There is no 的 in font nullfont!
Missing character: There is no 引 in font nullfont!
Missing character: There is no 脚 in font nullfont!
Missing character: There is no 并 in font nullfont!
Missing character: There is no 未 in font nullfont!
Missing character: There is no 被 in font nullfont!
Missing character: There is no 完 in font nullfont!
Missing character: There is no 全 in font nullfont!
Missing character: There is no 利 in font nullfont!
Missing character: There is no 用 in font nullfont!
Missing character: There is no ， in font nullfont!
Missing character: There is no 存 in font nullfont!
Missing character: There is no 在 in font nullfont!
Missing character: There is no 浪 in font nullfont!
Missing character: There is no 费 in font nullfont!
Missing character: There is no ， in font nullfont!
Missing character: There is no 可 in font nullfont!
Missing character: There is no 选 in font nullfont!
Missing character: There is no 择 in font nullfont!
Missing character: There is no 引 in font nullfont!
Missing character: There is no 脚 in font nullfont!
Missing character: There is no 更 in font nullfont!
Missing character: There is no 少 in font nullfont!
Missing character: There is no 的 in font nullfont!
Missing character: There is no 国 in font nullfont!
Missing character: There is no 产 in font nullfont!
Missing character: There is no F in font nullfont!
Missing character: There is no P in font nullfont!
Missing character: There is no G in font nullfont!
Missing character: There is no A in font nullfont!
Missing character: There is no ， in font nullfont!
Missing character: There is no 提 in font nullfont!
Missing character: There is no 高 in font nullfont!
Missing character: There is no 引 in font nullfont!
Missing character: There is no 脚 in font nullfont!
Missing character: There is no 的 in font nullfont!
Missing character: There is no 利 in font nullfont!
Missing character: There is no 用 in font nullfont!
Missing character: There is no 率 in font nullfont!
Missing character: There is no 。 in font nullfont!
Missing character: There is no 此 in font nullfont!
Missing character: There is no 外 in font nullfont!
Missing character: There is no ， in font nullfont!
Missing character: There is no 国 in font nullfont!
Missing character: There is no 产 in font nullfont!
Missing character: There is no F in font nullfont!
Missing character: There is no P in font nullfont!
Missing character: There is no G in font nullfont!
Missing character: There is no A in font nullfont!
Missing character: There is no 的 in font nullfont!
Missing character: There is no 封 in font nullfont!
Missing character: There is no 装 in font nullfont!
Missing character: There is no 只 in font nullfont!
Missing character: There is no 有 in font nullfont!
Missing character: There is no C in font nullfont!
Missing character: There is no P in font nullfont!
Missing character: There is no L in font nullfont!
Missing character: There is no D in font nullfont!
Missing character: There is no 芯 in font nullfont!
Missing character: There is no 片 in font nullfont!
Missing character: There is no 的 in font nullfont!
LaTeX Font Info:    External font `cmex10' loaded for size
(Font)              <7> on input line 5.
LaTeX Font Info:    External font `cmex10' loaded for size
(Font)              <5> on input line 5.
Missing character: There is no ， in font nullfont!
Missing character: There is no 可 in font nullfont!
Missing character: There is no 以 in font nullfont!
Missing character: There is no 很 in font nullfont!
Missing character: There is no 大 in font nullfont!
Missing character: There is no 程 in font nullfont!
Missing character: There is no 度 in font nullfont!
Missing character: There is no 上 in font nullfont!
Missing character: There is no 减 in font nullfont!
Missing character: There is no 小 in font nullfont!
Missing character: There is no 超 in font nullfont!
Missing character: There is no 声 in font nullfont!
Missing character: There is no 传 in font nullfont!
Missing character: There is no 感 in font nullfont!
Missing character: There is no 器 in font nullfont!
Missing character: There is no 的 in font nullfont!
Missing character: There is no 尺 in font nullfont!
Missing character: There is no 寸 in font nullfont!
Missing character: There is no ， in font nullfont!
Missing character: There is no 利 in font nullfont!
Missing character: There is no 于 in font nullfont!
Missing character: There is no 其 in font nullfont!
Missing character: There is no 在 in font nullfont!
Missing character: There is no 生 in font nullfont!
Missing character: There is no 产 in font nullfont!
Missing character: There is no 线 in font nullfont!
Missing character: There is no 上 in font nullfont!
Missing character: There is no 的 in font nullfont!
Missing character: There is no 布 in font nullfont!
Missing character: There is no 置 in font nullfont!
Missing character: There is no 。 in font nullfont!

Overfull \hbox (26.38612pt too wide) in paragraph at lines 5--5
[]$[]$ 
 []


! LaTeX Error: Missing \begin{document}.

See the LaTeX manual or LaTeX Companion for explanation.
Type  H <return>  for immediate help.
 ...                                              
                                                  
l.6 改
     进硬件电路设计，本设计在进行实验的过程中，发现PCB电路板存在工作不稳定的情况，经过排查，发现降压芯片的选取不合理，功率不满足电路板的需求，导...

You're in trouble here.  Try typing  <return>  to proceed.
If that doesn't work, type  X <return>  to quit.

Missing character: There is no 改 in font nullfont!
Missing character: There is no 进 in font nullfont!
Missing character: There is no 硬 in font nullfont!
Missing character: There is no 件 in font nullfont!
Missing character: There is no 电 in font nullfont!
Missing character: There is no 路 in font nullfont!
Missing character: There is no 设 in font nullfont!
Missing character: There is no 计 in font nullfont!
Missing character: There is no ， in font nullfont!
Missing character: There is no 本 in font nullfont!
Missing character: There is no 设 in font nullfont!
Missing character: There is no 计 in font nullfont!
Missing character: There is no 在 in font nullfont!
Missing character: There is no 进 in font nullfont!
Missing character: There is no 行 in font nullfont!
Missing character: There is no 实 in font nullfont!
Missing character: There is no 验 in font nullfont!
Missing character: There is no 的 in font nullfont!
Missing character: There is no 过 in font nullfont!
Missing character: There is no 程 in font nullfont!
Missing character: There is no 中 in font nullfont!
Missing character: There is no ， in font nullfont!
Missing character: There is no 发 in font nullfont!
Missing character: There is no 现 in font nullfont!
Missing character: There is no P in font nullfont!
Missing character: There is no C in font nullfont!
Missing character: There is no B in font nullfont!
Missing character: There is no 电 in font nullfont!
Missing character: There is no 路 in font nullfont!
Missing character: There is no 板 in font nullfont!
Missing character: There is no 存 in font nullfont!
Missing character: There is no 在 in font nullfont!
Missing character: There is no 工 in font nullfont!
Missing character: There is no 作 in font nullfont!
Missing character: There is no 不 in font nullfont!
Missing character: There is no 稳 in font nullfont!
Missing character: There is no 定 in font nullfont!
Missing character: There is no 的 in font nullfont!
Missing character: There is no 情 in font nullfont!
Missing character: There is no 况 in font nullfont!
Missing character: There is no ， in font nullfont!
Missing character: There is no 经 in font nullfont!
Missing character: There is no 过 in font nullfont!
Missing character: There is no 排 in font nullfont!
Missing character: There is no 查 in font nullfont!
Missing character: There is no ， in font nullfont!
Missing character: There is no 发 in font nullfont!
Missing character: There is no 现 in font nullfont!
Missing character: There is no 降 in font nullfont!
Missing character: There is no 压 in font nullfont!
Missing character: There is no 芯 in font nullfont!
Missing character: There is no 片 in font nullfont!
Missing character: There is no 的 in font nullfont!
Missing character: There is no 选 in font nullfont!
Missing character: There is no 取 in font nullfont!
Missing character: There is no 不 in font nullfont!
Missing character: There is no 合 in font nullfont!
Missing character: There is no 理 in font nullfont!
Missing character: There is no ， in font nullfont!
Missing character: There is no 功 in font nullfont!
Missing character: There is no 率 in font nullfont!
Missing character: There is no 不 in font nullfont!
Missing character: There is no 满 in font nullfont!
Missing character: There is no 足 in font nullfont!
Missing character: There is no 电 in font nullfont!
Missing character: There is no 路 in font nullfont!
Missing character: There is no 板 in font nullfont!
Missing character: There is no 的 in font nullfont!
Missing character: There is no 需 in font nullfont!
Missing character: There is no 求 in font nullfont!
Missing character: There is no ， in font nullfont!
Missing character: There is no 导 in font nullfont!
Missing character: There is no 致 in font nullfont!
Missing character: There is no 电 in font nullfont!
Missing character: There is no 路 in font nullfont!
Missing character: There is no 板 in font nullfont!
Missing character: There is no 容 in font nullfont!
Missing character: There is no 易 in font nullfont!
Missing character: There is no 发 in font nullfont!
Missing character: There is no 热 in font nullfont!
Missing character: There is no 。 in font nullfont!
Missing character: There is no 后 in font nullfont!
Missing character: There is no 续 in font nullfont!
Missing character: There is no 需 in font nullfont!
Missing character: There is no 要 in font nullfont!
Missing character: There is no 优 in font nullfont!
Missing character: There is no 化 in font nullfont!
Missing character: There is no 电 in font nullfont!
Missing character: There is no 路 in font nullfont!
Missing character: There is no 板 in font nullfont!
Missing character: There is no 设 in font nullfont!
Missing character: There is no 计 in font nullfont!
Missing character: There is no ， in font nullfont!
Missing character: There is no 优 in font nullfont!
Missing character: There is no 化 in font nullfont!
Missing character: There is no 器 in font nullfont!
Missing character: There is no 件 in font nullfont!
Missing character: There is no 选 in font nullfont!
Missing character: There is no 型 in font nullfont!
Missing character: There is no ， in font nullfont!
Missing character: There is no 提 in font nullfont!
Missing character: There is no 高 in font nullfont!
Missing character: There is no 电 in font nullfont!
Missing character: There is no 路 in font nullfont!
Missing character: There is no 板 in font nullfont!
Missing character: There is no 的 in font nullfont!
Missing character: There is no 稳 in font nullfont!
Missing character: There is no 定 in font nullfont!
Missing character: There is no 性 in font nullfont!
Missing character: There is no 和 in font nullfont!
Missing character: There is no 可 in font nullfont!
Missing character: There is no 靠 in font nullfont!
Missing character: There is no 性 in font nullfont!
Missing character: There is no 。 in font nullfont!

Overfull \hbox (20.0pt too wide) in paragraph at lines 6--6
[] 
 []


! LaTeX Error: Missing \begin{document}.

See the LaTeX manual or LaTeX Companion for explanation.
Type  H <return>  for immediate help.
 ...                                              
                                                  
l.7 改
     善PCB布局设计，减小信号间的相互干扰。在本设计的PCB布局中虽然已经考虑到了信号间的隔离，但是仍然存在干扰，后续需要继续优化PCB的设计，可...

You're in trouble here.  Try typing  <return>  to proceed.
If that doesn't work, type  X <return>  to quit.

Missing character: There is no 改 in font nullfont!
Missing character: There is no 善 in font nullfont!
Missing character: There is no P in font nullfont!
Missing character: There is no C in font nullfont!
Missing character: There is no B in font nullfont!
Missing character: There is no 布 in font nullfont!
Missing character: There is no 局 in font nullfont!
Missing character: There is no 设 in font nullfont!
Missing character: There is no 计 in font nullfont!
Missing character: There is no ， in font nullfont!
Missing character: There is no 减 in font nullfont!
Missing character: There is no 小 in font nullfont!
Missing character: There is no 信 in font nullfont!
Missing character: There is no 号 in font nullfont!
Missing character: There is no 间 in font nullfont!
Missing character: There is no 的 in font nullfont!
Missing character: There is no 相 in font nullfont!
Missing character: There is no 互 in font nullfont!
Missing character: There is no 干 in font nullfont!
Missing character: There is no 扰 in font nullfont!
Missing character: There is no 。 in font nullfont!
Missing character: There is no 在 in font nullfont!
Missing character: There is no 本 in font nullfont!
Missing character: There is no 设 in font nullfont!
Missing character: There is no 计 in font nullfont!
Missing character: There is no 的 in font nullfont!
Missing character: There is no P in font nullfont!
Missing character: There is no C in font nullfont!
Missing character: There is no B in font nullfont!
Missing character: There is no 布 in font nullfont!
Missing character: There is no 局 in font nullfont!
Missing character: There is no 中 in font nullfont!
Missing character: There is no 虽 in font nullfont!
Missing character: There is no 然 in font nullfont!
Missing character: There is no 已 in font nullfont!
Missing character: There is no 经 in font nullfont!
Missing character: There is no 考 in font nullfont!
Missing character: There is no 虑 in font nullfont!
Missing character: There is no 到 in font nullfont!
Missing character: There is no 了 in font nullfont!
Missing character: There is no 信 in font nullfont!
Missing character: There is no 号 in font nullfont!
Missing character: There is no 间 in font nullfont!
Missing character: There is no 的 in font nullfont!
Missing character: There is no 隔 in font nullfont!
Missing character: There is no 离 in font nullfont!
Missing character: There is no ， in font nullfont!
Missing character: There is no 但 in font nullfont!
Missing character: There is no 是 in font nullfont!
Missing character: There is no 仍 in font nullfont!
Missing character: There is no 然 in font nullfont!
Missing character: There is no 存 in font nullfont!
Missing character: There is no 在 in font nullfont!
Missing character: There is no 干 in font nullfont!
Missing character: There is no 扰 in font nullfont!
Missing character: There is no ， in font nullfont!
Missing character: There is no 后 in font nullfont!
Missing character: There is no 续 in font nullfont!
Missing character: There is no 需 in font nullfont!
Missing character: There is no 要 in font nullfont!
Missing character: There is no 继 in font nullfont!
Missing character: There is no 续 in font nullfont!
Missing character: There is no 优 in font nullfont!
Missing character: There is no 化 in font nullfont!
Missing character: There is no P in font nullfont!
Missing character: There is no C in font nullfont!
Missing character: There is no B in font nullfont!
Missing character: There is no 的 in font nullfont!
Missing character: There is no 设 in font nullfont!
Missing character: There is no 计 in font nullfont!
Missing character: There is no ， in font nullfont!
Missing character: There is no 可 in font nullfont!
Missing character: There is no 将 in font nullfont!
Missing character: There is no 二 in font nullfont!
Missing character: There is no 层 in font nullfont!
Missing character: There is no 板 in font nullfont!
Missing character: There is no 替 in font nullfont!
Missing character: There is no 换 in font nullfont!
Missing character: There is no 成 in font nullfont!
Missing character: There is no 四 in font nullfont!
Missing character: There is no 层 in font nullfont!
Missing character: There is no 板 in font nullfont!
Missing character: There is no ， in font nullfont!
Missing character: There is no 从 in font nullfont!
Missing character: There is no 而 in font nullfont!
Missing character: There is no 可 in font nullfont!
Missing character: There is no 以 in font nullfont!
Missing character: There is no 更 in font nullfont!
Missing character: There is no 好 in font nullfont!
Missing character: There is no 的 in font nullfont!
Missing character: There is no 将 in font nullfont!
Missing character: There is no 模 in font nullfont!
Missing character: There is no 拟 in font nullfont!
Missing character: There is no 信 in font nullfont!
Missing character: There is no 号 in font nullfont!
Missing character: There is no 、 in font nullfont!
Missing character: There is no 数 in font nullfont!
Missing character: There is no 字 in font nullfont!
Missing character: There is no 信 in font nullfont!
Missing character: There is no 号 in font nullfont!
Missing character: There is no 、 in font nullfont!
Missing character: There is no 电 in font nullfont!
Missing character: There is no 源 in font nullfont!
Missing character: There is no 信 in font nullfont!
Missing character: There is no 号 in font nullfont!
Missing character: There is no 布 in font nullfont!
Missing character: There is no 局 in font nullfont!
Missing character: There is no 分 in font nullfont!
Missing character: There is no 离 in font nullfont!
Missing character: There is no ， in font nullfont!
Missing character: There is no 提 in font nullfont!
Missing character: There is no 高 in font nullfont!
Missing character: There is no 信 in font nullfont!
Missing character: There is no 号 in font nullfont!
Missing character: There is no 的 in font nullfont!
Missing character: There is no 稳 in font nullfont!
Missing character: There is no 定 in font nullfont!
Missing character: There is no 性 in font nullfont!
Missing character: There is no 。 in font nullfont!

Overfull \hbox (20.0pt too wide) in paragraph at lines 7--7
[] 
 []


! LaTeX Error: Missing \begin{document}.

See the LaTeX manual or LaTeX Companion for explanation.
Type  H <return>  for immediate help.
 ...                                              
                                                  
l.8 改
     进超声波传感器的信号处理算法以及检测策略，进一步提高传感器的精度和灵敏度。在本设计中，一个检测周期进行了五次的检测，耗时$10ms$，而检测策...

You're in trouble here.  Try typing  <return>  to proceed.
If that doesn't work, type  X <return>  to quit.

Missing character: There is no 改 in font nullfont!
Missing character: There is no 进 in font nullfont!
Missing character: There is no 超 in font nullfont!
Missing character: There is no 声 in font nullfont!
Missing character: There is no 波 in font nullfont!
Missing character: There is no 传 in font nullfont!
Missing character: There is no 感 in font nullfont!
Missing character: There is no 器 in font nullfont!
Missing character: There is no 的 in font nullfont!
Missing character: There is no 信 in font nullfont!
Missing character: There is no 号 in font nullfont!
Missing character: There is no 处 in font nullfont!
Missing character: There is no 理 in font nullfont!
Missing character: There is no 算 in font nullfont!
Missing character: There is no 法 in font nullfont!
Missing character: There is no 以 in font nullfont!
Missing character: There is no 及 in font nullfont!
Missing character: There is no 检 in font nullfont!
Missing character: There is no 测 in font nullfont!
Missing character: There is no 策 in font nullfont!
Missing character: There is no 略 in font nullfont!
Missing character: There is no ， in font nullfont!
Missing character: There is no 进 in font nullfont!
Missing character: There is no 一 in font nullfont!
Missing character: There is no 步 in font nullfont!
Missing character: There is no 提 in font nullfont!
Missing character: There is no 高 in font nullfont!
Missing character: There is no 传 in font nullfont!
Missing character: There is no 感 in font nullfont!
Missing character: There is no 器 in font nullfont!
Missing character: There is no 的 in font nullfont!
Missing character: There is no 精 in font nullfont!
Missing character: There is no 度 in font nullfont!
Missing character: There is no 和 in font nullfont!
Missing character: There is no 灵 in font nullfont!
Missing character: There is no 敏 in font nullfont!
Missing character: There is no 度 in font nullfont!
Missing character: There is no 。 in font nullfont!
Missing character: There is no 在 in font nullfont!
Missing character: There is no 本 in font nullfont!
Missing character: There is no 设 in font nullfont!
Missing character: There is no 计 in font nullfont!
Missing character: There is no 中 in font nullfont!
Missing character: There is no ， in font nullfont!
Missing character: There is no 一 in font nullfont!
Missing character: There is no 个 in font nullfont!
Missing character: There is no 检 in font nullfont!
Missing character: There is no 测 in font nullfont!
Missing character: There is no 周 in font nullfont!
Missing character: There is no 期 in font nullfont!
Missing character: There is no 进 in font nullfont!
Missing character: There is no 行 in font nullfont!
Missing character: There is no 了 in font nullfont!
Missing character: There is no 五 in font nullfont!
Missing character: There is no 次 in font nullfont!
Missing character: There is no 的 in font nullfont!
Missing character: There is no 检 in font nullfont!
Missing character: There is no 测 in font nullfont!
Missing character: There is no ， in font nullfont!
Missing character: There is no 耗 in font nullfont!
Missing character: There is no 时 in font nullfont!
Missing character: There is no ， in font nullfont!
Missing character: There is no 而 in font nullfont!
Missing character: There is no 检 in font nullfont!
Missing character: There is no 测 in font nullfont!
Missing character: There is no 策 in font nullfont!
Missing character: There is no 略 in font nullfont!
Missing character: There is no 的 in font nullfont!
Missing character: There is no 选 in font nullfont!
Missing character: There is no 择 in font nullfont!
Missing character: There is no 则 in font nullfont!
Missing character: There is no 需 in font nullfont!
Missing character: There is no 要 in font nullfont!
Missing character: There is no 根 in font nullfont!
Missing character: There is no 据 in font nullfont!
Missing character: There is no 应 in font nullfont!
Missing character: There is no 用 in font nullfont!
Missing character: There is no 场 in font nullfont!
Missing character: There is no 景 in font nullfont!
Missing character: There is no 进 in font nullfont!
Missing character: There is no 行 in font nullfont!
Missing character: There is no 判 in font nullfont!
Missing character: There is no 断 in font nullfont!
Missing character: There is no ， in font nullfont!
Missing character: There is no 这 in font nullfont!
Missing character: There is no 需 in font nullfont!
Missing character: There is no 要 in font nullfont!
Missing character: There is no 进 in font nullfont!
Missing character: There is no 行 in font nullfont!
Missing character: There is no 大 in font nullfont!
Missing character: There is no 量 in font nullfont!
Missing character: There is no 的 in font nullfont!
Missing character: There is no 实 in font nullfont!
Missing character: There is no 验 in font nullfont!
Missing character: There is no 才 in font nullfont!
Missing character: There is no 可 in font nullfont!
Missing character: There is no 以 in font nullfont!
Missing character: There is no 得 in font nullfont!
Missing character: There is no 出 in font nullfont!
Missing character: There is no 其 in font nullfont!
Missing character: There is no 规 in font nullfont!
Missing character: There is no 律 in font nullfont!
Missing character: There is no ， in font nullfont!
Missing character: There is no 这 in font nullfont!
Missing character: There is no 都 in font nullfont!
Missing character: There is no 是 in font nullfont!
Missing character: There is no 未 in font nullfont!
Missing character: There is no 来 in font nullfont!
Missing character: There is no 可 in font nullfont!
Missing character: There is no 以 in font nullfont!
Missing character: There is no 进 in font nullfont!
Missing character: There is no 行 in font nullfont!
Missing character: There is no 的 in font nullfont!
Missing character: There is no 研 in font nullfont!
Missing character: There is no 究 in font nullfont!
Missing character: There is no 工 in font nullfont!
Missing character: There is no 作 in font nullfont!
Missing character: There is no 。 in font nullfont!

Overfull \hbox (43.46767pt too wide) in paragraph at lines 8--8
[]$\OT1/cmr/m/n/10 10\OML/cmm/m/it/10 ms$ 
 []


! LaTeX Error: Missing \begin{document}.

See the LaTeX manual or LaTeX Companion for explanation.
Type  H <return>  for immediate help.
 ...                                              
                                                  
l.9 针
     对不同领域的应用场景，对传感器进行测试实验。在本设计中，只对于几种材料、距离进行测试实验，然而在实际的应用中，这几组实验是远远不够的，需要对更...

You're in trouble here.  Try typing  <return>  to proceed.
If that doesn't work, type  X <return>  to quit.

Missing character: There is no 针 in font nullfont!
Missing character: There is no 对 in font nullfont!
Missing character: There is no 不 in font nullfont!
Missing character: There is no 同 in font nullfont!
Missing character: There is no 领 in font nullfont!
Missing character: There is no 域 in font nullfont!
Missing character: There is no 的 in font nullfont!
Missing character: There is no 应 in font nullfont!
Missing character: There is no 用 in font nullfont!
Missing character: There is no 场 in font nullfont!
Missing character: There is no 景 in font nullfont!
Missing character: There is no ， in font nullfont!
Missing character: There is no 对 in font nullfont!
Missing character: There is no 传 in font nullfont!
Missing character: There is no 感 in font nullfont!
Missing character: There is no 器 in font nullfont!
Missing character: There is no 进 in font nullfont!
Missing character: There is no 行 in font nullfont!
Missing character: There is no 测 in font nullfont!
Missing character: There is no 试 in font nullfont!
Missing character: There is no 实 in font nullfont!
Missing character: There is no 验 in font nullfont!
Missing character: There is no 。 in font nullfont!
Missing character: There is no 在 in font nullfont!
Missing character: There is no 本 in font nullfont!
Missing character: There is no 设 in font nullfont!
Missing character: There is no 计 in font nullfont!
Missing character: There is no 中 in font nullfont!
Missing character: There is no ， in font nullfont!
Missing character: There is no 只 in font nullfont!
Missing character: There is no 对 in font nullfont!
Missing character: There is no 于 in font nullfont!
Missing character: There is no 几 in font nullfont!
Missing character: There is no 种 in font nullfont!
Missing character: There is no 材 in font nullfont!
Missing character: There is no 料 in font nullfont!
Missing character: There is no 、 in font nullfont!
Missing character: There is no 距 in font nullfont!
Missing character: There is no 离 in font nullfont!
Missing character: There is no 进 in font nullfont!
Missing character: There is no 行 in font nullfont!
Missing character: There is no 测 in font nullfont!
Missing character: There is no 试 in font nullfont!
Missing character: There is no 实 in font nullfont!
Missing character: There is no 验 in font nullfont!
Missing character: There is no ， in font nullfont!
Missing character: There is no 然 in font nullfont!
Missing character: There is no 而 in font nullfont!
Missing character: There is no 在 in font nullfont!
Missing character: There is no 实 in font nullfont!
Missing character: There is no 际 in font nullfont!
Missing character: There is no 的 in font nullfont!
Missing character: There is no 应 in font nullfont!
Missing character: There is no 用 in font nullfont!
Missing character: There is no 中 in font nullfont!
Missing character: There is no ， in font nullfont!
Missing character: There is no 这 in font nullfont!
Missing character: There is no 几 in font nullfont!
Missing character: There is no 组 in font nullfont!
Missing character: There is no 实 in font nullfont!
Missing character: There is no 验 in font nullfont!
Missing character: There is no 是 in font nullfont!
Missing character: There is no 远 in font nullfont!
Missing character: There is no 远 in font nullfont!
Missing character: There is no 不 in font nullfont!
Missing character: There is no 够 in font nullfont!
Missing character: There is no 的 in font nullfont!
Missing character: There is no ， in font nullfont!
Missing character: There is no 需 in font nullfont!
Missing character: There is no 要 in font nullfont!
Missing character: There is no 对 in font nullfont!
Missing character: There is no 更 in font nullfont!
Missing character: There is no 多 in font nullfont!
Missing character: There is no 类 in font nullfont!
Missing character: There is no 型 in font nullfont!
Missing character: There is no 的 in font nullfont!
Missing character: There is no 材 in font nullfont!
Missing character: There is no 料 in font nullfont!
Missing character: There is no 、 in font nullfont!
Missing character: There is no 距 in font nullfont!
Missing character: There is no 离 in font nullfont!
Missing character: There is no 进 in font nullfont!
Missing character: There is no 行 in font nullfont!
Missing character: There is no 实 in font nullfont!
Missing character: There is no 验 in font nullfont!
Missing character: There is no 测 in font nullfont!
Missing character: There is no 试 in font nullfont!
Missing character: There is no 。 in font nullfont!
Missing character: There is no 如 in font nullfont!
Missing character: There is no 若 in font nullfont!
Missing character: There is no 有 in font nullfont!
Missing character: There is no 需 in font nullfont!
Missing character: There is no 求 in font nullfont!
Missing character: There is no ， in font nullfont!
Missing character: There is no 还 in font nullfont!
Missing character: There is no 应 in font nullfont!
Missing character: There is no 该 in font nullfont!
Missing character: There is no 搭 in font nullfont!
Missing character: There is no 建 in font nullfont!
Missing character: There is no 更 in font nullfont!
Missing character: There is no 加 in font nullfont!
Missing character: There is no 稳 in font nullfont!
Missing character: There is no 定 in font nullfont!
Missing character: There is no 的 in font nullfont!
Missing character: There is no 实 in font nullfont!
Missing character: There is no 验 in font nullfont!
Missing character: There is no 平 in font nullfont!
Missing character: There is no 台 in font nullfont!
Missing character: There is no ， in font nullfont!
Missing character: There is no 对 in font nullfont!
Missing character: There is no 于 in font nullfont!
Missing character: There is no 测 in font nullfont!
Missing character: There is no 试 in font nullfont!
Missing character: There is no 物 in font nullfont!
Missing character: There is no 体 in font nullfont!
Missing character: There is no 的 in font nullfont!
Missing character: There is no 检 in font nullfont!
Missing character: There is no 测 in font nullfont!
Missing character: There is no 距 in font nullfont!
Missing character: There is no 离 in font nullfont!
Missing character: There is no 、 in font nullfont!
Missing character: There is no 移 in font nullfont!
Missing character: There is no 动 in font nullfont!
Missing character: There is no 速 in font nullfont!
Missing character: There is no 度 in font nullfont!
Missing character: There is no 都 in font nullfont!
Missing character: There is no 加 in font nullfont!
Missing character: There is no 以 in font nullfont!
Missing character: There is no 更 in font nullfont!
Missing character: There is no 精 in font nullfont!
Missing character: There is no 确 in font nullfont!
Missing character: There is no 的 in font nullfont!
Missing character: There is no 控 in font nullfont!
Missing character: There is no 制 in font nullfont!
Missing character: There is no 。 in font nullfont!

Overfull \hbox (20.0pt too wide) in paragraph at lines 9--9
[] 
 []

)
! Emergency stop.
<*> "./第六章 .tex"
                
*** (job aborted, no legal \end found)

 
Here is how much of TeX's memory you used:
 18 strings out of 410532
 317 string characters out of 2820404
 333168 words of memory out of 3000000
 21285 multiletter control sequences out of 15000+600000
 469259 words of font info for 28 fonts, out of 8000000 for 9000
 1348 hyphenation exceptions out of 8191
 18i,2n,12p,270b,57s stack positions out of 10000i,1000n,20000p,200000b,80000s
No pages of output.
